<?xml version="1.0" encoding="UTF-8"?>
<!-- Generated by org.testng.reporters.JUnitXMLReporter -->
<testsuite ignored="0" hostname="Harishyam" failures="0" tests="8" name="Default test" time="5.121" errors="0" timestamp="2024-12-07T06:04:17 IST">
  <testcase classname="webAPI.TestAlbum" name="getArtist" time="2.803"/>
  <testcase classname="webAPI.TestAlbum" name="getAlbum" time="0.261"/>
  <testcase classname="webAPI.TestAlbum" name="getSeveralAlbums" time="0.372"/>
  <testcase classname="webAPI.TestAlbum" name="getAlbumTracks" time="0.242"/>
  <testcase classname="webAPI.TestAlbum" name="getUserSavedAlbums" time="0.377"/>
  <testcase classname="webAPI.TestAlbum" name="saveAlbumForUser" time="0.204"/>
  <testcase classname="webAPI.TestAlbum" name="removeAlbumForUser" time="0.195"/>
  <testcase classname="webAPI.TestAlbum" name="getNewRelease" time="0.547"/>
</testsuite> <!-- Default test -->
