<?xml version="1.0" encoding="UTF-8"?>
<!-- Generated by org.testng.reporters.JUnitXMLReporter -->
<testsuite ignored="7" hostname="Harishyam" failures="0" tests="1" name="Default test" time="2.111" errors="0" timestamp="2024-12-05T04:19:18 IST">
  <testcase classname="webAPI.TestAlbum" name="getNewRelease" time="2.071"/>
  <testcase classname="webAPI.TestAlbum" name="getAlbumTracks" time="0.0">
    <ignored/>
  </testcase> <!-- getAlbumTracks -->
  <testcase classname="webAPI.TestAlbum" name="getAlbum" time="0.0">
    <ignored/>
  </testcase> <!-- getAlbum -->
  <testcase classname="webAPI.TestAlbum" name="saveAlbumForUser" time="0.0">
    <ignored/>
  </testcase> <!-- saveAlbumForUser -->
  <testcase classname="webAPI.TestAlbum" name="getUserSavedAlbums" time="0.0">
    <ignored/>
  </testcase> <!-- getUserSavedAlbums -->
  <testcase classname="webAPI.TestAlbum" name="getSeveralAlbums" time="0.0">
    <ignored/>
  </testcase> <!-- getSeveralAlbums -->
  <testcase classname="webAPI.TestAlbum" name="getArtist" time="0.0">
    <ignored/>
  </testcase> <!-- getArtist -->
  <testcase classname="webAPI.TestAlbum" name="removeAlbumForUser" time="0.0">
    <ignored/>
  </testcase> <!-- removeAlbumForUser -->
</testsuite> <!-- Default test -->
