<?xml version="1.0" encoding="UTF-8"?>
<testsuite xmlns:xsi="http://www.w3.org/2001/XMLSchema-instance" xsi:noNamespaceSchemaLocation="https://maven.apache.org/surefire/maven-surefire-plugin/xsd/surefire-test-report-3.0.xsd" version="3.0" name="TestSuite" time="8.221" tests="8" errors="0" skipped="0" failures="0">
  <properties>
[...]
</properties>
  <testcase name="getArtist" classname="webAPI.TestAlbum" time="2.445">
    <system-out><![CDATA[04:07:21.898 [main] DEBUG org.testng.TestNG -- suiteXmlPath: "D:\Learning\SDET\RestAPI\SpotifyAPI\src\test\resources\testSuites\AlbumRegression.xml"
>>> Unser RetryListener -> Transform method
>>> Unser RetryListener -> Transform method
>>> Unser RetryListener -> Transform method
>>> Unser RetryListener -> Transform method
>>> Unser RetryListener -> Transform method
>>> Unser RetryListener -> Transform method
>>> Unser RetryListener -> Transform method
>>> Unser RetryListener -> Transform method
04:07:22.631 [main] INFO core.OutputLog -- >>> Current Date : Friday 06 Dec 2024
04:07:22.631 [main] INFO core.OutputLog -- >>> Folder already created
04:07:22.631 [main] INFO core.OutputLog -- >>> Current TimeStamp : Friday_06_Dec_2024_04_07_22
04:07:22.631 [main] INFO core.OutputLog -- >>> Report Initialization
04:07:22.741 [main] INFO core.OutputLog -- >>> Report Initialized
04:07:22.835 [main] INFO core.OutputLog -- XML Config loaded
04:07:22.960 [main] INFO core.OutputLog -- Reporter Attached
04:07:22.960 [main] INFO core.OutputLog -- Initialization Successfull
04:07:22.960 [main] INFO core.OutputLog -- Before suite executed.
04:07:22.975 [main] INFO core.OutputLog -- >>> Execution Started
04:07:22.991 [main] INFO core.OutputLog -- >>> getArtistexecution has been started.
04:07:23.006 [main] INFO core.OutputLog -- >>> Executing getArtist
>>> User Request Specification
ArtistResponse : {"external_urls":{"spotify":"https://open.spotify.com/artist/70B80Lwx2sxti0M1Ng9e8K"},"followers":{"href":null,"total":16948185},"genres":["chutney","filmi","odia pop"],"href":"https://api.spotify.com/v1/artists/70B80Lwx2sxti0M1Ng9e8K","id":"70B80Lwx2sxti0M1Ng9e8K","images":[{"url":"https://i.scdn.co/image/ab6761610000e5eb8de0e6e7e55d7773931ab7f4","height":640,"width":640},{"url":"https://i.scdn.co/image/ab676161000051748de0e6e7e55d7773931ab7f4","height":320,"width":320},{"url":"https://i.scdn.co/image/ab6761610000f1788de0e6e7e55d7773931ab7f4","height":160,"width":160}],"name":"Udit Narayan","popularity":81,"type":"artist","uri":"spotify:artist:70B80Lwx2sxti0M1Ng9e8K"}
04:07:25.447 [main] INFO core.OutputLog -- >>> Executed
]]></system-out>
  </testcase>
  <testcase name="getAlbum" classname="webAPI.TestAlbum" time="0.267">
    <system-out><![CDATA[04:07:25.462 [main] INFO core.OutputLog -- >>> getAlbumexecution has been started.
>>> User Request Specification
AlbumResponse : {"album_type":"album","total_tracks":21,"available_markets":["AR","AU","AT","BE","BO","BR","BG","CA","CL","CO","CR","CY","CZ","DK","DO","DE","EC","EE","SV","FI","FR","GR","GT","HN","HK","HU","IS","IE","IT","LV","LT","LU","MY","MT","MX","NL","NZ","NI","NO","PA","PY","PE","PH","PL","PT","SG","SK","ES","SE","CH","TW","TR","UY","US","GB","ID","JP","TH","VN","RO","IL","ZA","SA","AE","BH","QA","OM","KW","EG","MA","DZ","TN","LB","JO","PS","IN","UA","AL","BA","HR","ME","MK","RS","SI","KR","LK","GH","KE","NG","TZ","UG","BW","BF","CV","CW","GM","GW","LS","LR","MW","ML","NA","NE","ST","SN","SC","SL","TT","BI","KH","CM","TD","KM","GQ","SZ","GA","GN","MR","RW","TG","ZW","BJ","MG","MU","MZ","AO","CI","DJ","ZM","CD","CG","IQ","LY","VE","ET","XK"],"external_urls":{"spotify":"https://open.spotify.com/album/4rvCQOx2G4DYIq2dnTIN5U"},"href":"https://api.spotify.com/v1/albums/4rvCQOx2G4DYIq2dnTIN5U","id":"4rvCQOx2G4DYIq2dnTIN5U","images":[{"url":"https://i.scdn.co/image/ab67616d0000b2731b8565b88af9ae26f1adb0f2","height":640,"width":640},{"url":"https://i.scdn.co/image/ab67616d00001e021b8565b88af9ae26f1adb0f2","height":300,"width":300},{"url":"https://i.scdn.co/image/ab67616d000048511b8565b88af9ae26f1adb0f2","height":64,"width":64}],"name":"Udit Narayan Most Loved Songs","release_date":"2024-11-25","release_date_precision":"day","type":"album","uri":"spotify:album:4rvCQOx2G4DYIq2dnTIN5U","artists":[{"external_urls":{"spotify":"https://open.spotify.com/artist/70B80Lwx2sxti0M1Ng9e8K"},"href":"https://api.spotify.com/v1/artists/70B80Lwx2sxti0M1Ng9e8K","id":"70B80Lwx2sxti0M1Ng9e8K","name":"Udit Narayan","type":"artist","uri":"spotify:artist:70B80Lwx2sxti0M1Ng9e8K"}],"tracks":{"href":"https://api.spotify.com/v1/albums/4rvCQOx2G4DYIq2dnTIN5U/tracks?offset=0&limit=50","limit":50,"next":null,"offset":0,"previous":null,"total":21,"items":[{"artists":[{"external_urls":{"spotify":"https://open.spotify.com/artist/70B80Lwx2sxti0M1Ng9e8K"},"href":"https://api.spotify.com/v1/artists/70B80Lwx2sxti0M1Ng9e8K","id":"70B80Lwx2sxti0M1Ng9e8K","name":"Udit Narayan","type":"artist","uri":"spotify:artist:70B80Lwx2sxti0M1Ng9e8K"},{"external_urls":{"spotify":"https://open.spotify.com/artist/3gBKY0y3dFFVRqicLnVZYz"},"href":"https://api.spotify.com/v1/artists/3gBKY0y3dFFVRqicLnVZYz","id":"3gBKY0y3dFFVRqicLnVZYz","name":"Alka Yagnik","type":"artist","uri":"spotify:artist:3gBKY0y3dFFVRqicLnVZYz"}],"available_markets":["AR","AU","AT","BE","BO","BR","BG","CA","CL","CO","CR","CY","CZ","DK","DO","DE","EC","EE","SV","FI","FR","GR","GT","HN","HK","HU","IS","IE","IT","LV","LT","LU","MY","MT","MX","NL","NZ","NI","NO","PA","PY","PE","PH","PL","PT","SG","SK","ES","SE","CH","TW","TR","UY","US","GB","ID","JP","TH","VN","RO","IL","ZA","SA","AE","BH","QA","OM","KW","EG","MA","DZ","TN","LB","JO","PS","IN","UA","AL","BA","HR","ME","MK","RS","SI","KR","LK","GH","KE","NG","TZ","UG","BW","BF","CV","CW","GM","GW","LS","LR","MW","ML","NA","NE","ST","SN","SC","SL","TT","BI","KH","CM","TD","KM","GQ","SZ","GA","GN","MR","RW","TG","ZW","BJ","MG","MU","MZ","AO","CI","DJ","ZM","CD","CG","IQ","LY","VE","ET","XK"],"disc_number":1,"duration_ms":266058,"explicit":false,"external_urls":{"spotify":"https://open.spotify.com/track/4T6ZmGkD6WOxkfJ5TQjwMW"},"href":"https://api.spotify.com/v1/tracks/4T6ZmGkD6WOxkfJ5TQjwMW","id":"4T6ZmGkD6WOxkfJ5TQjwMW","name":"Tu Mere Samne - From \"Chori Chori\"","preview_url":null,"track_number":1,"type":"track","uri":"spotify:track:4T6ZmGkD6WOxkfJ5TQjwMW","is_local":false},{"artists":[{"external_urls":{"spotify":"https://open.spotify.com/artist/70B80Lwx2sxti0M1Ng9e8K"},"href":"https://api.spotify.com/v1/artists/70B80Lwx2sxti0M1Ng9e8K","id":"70B80Lwx2sxti0M1Ng9e8K","name":"Udit Narayan","type":"artist","uri":"spotify:artist:70B80Lwx2sxti0M1Ng9e8K"}],"available_markets":["AR","AU","AT","BE","BO","BR","BG","CA","CL","CO","CR","CY","CZ","DK","DO","DE","EC","EE","SV","FI","FR","GR","GT","HN","HK","HU","IS","IE","IT","LV","LT","LU","MY","MT","MX","NL","NZ","NI","NO","PA","PY","PE","PH","PL","PT","SG","SK","ES","SE","CH","TW","TR","UY","US","GB","ID","JP","TH","VN","RO","IL","ZA","SA","AE","BH","QA","OM","KW","EG","MA","DZ","TN","LB","JO","PS","IN","UA","AL","BA","HR","ME","MK","RS","SI","KR","LK","GH","KE","NG","TZ","UG","BW","BF","CV","CW","GM","GW","LS","LR","MW","ML","NA","NE","ST","SN","SC","SL","TT","BI","KH","CM","TD","KM","GQ","SZ","GA","GN","MR","RW","TG","ZW","BJ","MG","MU","MZ","AO","CI","DJ","ZM","CD","CG","IQ","LY","VE","ET","XK"],"disc_number":1,"duration_ms":525456,"explicit":false,"external_urls":{"spotify":"https://open.spotify.com/track/2TFfaxpEpPdncdUOBIJVHi"},"href":"https://api.spotify.com/v1/tracks/2TFfaxpEpPdncdUOBIJVHi","id":"2TFfaxpEpPdncdUOBIJVHi","name":"Hawaon Ne Yeh Kaha - From \"Aap Mujhe Achche Lagne Lage\"","preview_url":null,"track_number":2,"type":"track","uri":"spotify:track:2TFfaxpEpPdncdUOBIJVHi","is_local":false},{"artists":[{"external_urls":{"spotify":"https://open.spotify.com/artist/70B80Lwx2sxti0M1Ng9e8K"},"href":"https://api.spotify.com/v1/artists/70B80Lwx2sxti0M1Ng9e8K","id":"70B80Lwx2sxti0M1Ng9e8K","name":"Udit Narayan","type":"artist","uri":"spotify:artist:70B80Lwx2sxti0M1Ng9e8K"},{"external_urls":{"spotify":"https://open.spotify.com/artist/2wVpsY4Geh7l1YugsakLF2"},"href":"https://api.spotify.com/v1/artists/2wVpsY4Geh7l1YugsakLF2","id":"2wVpsY4Geh7l1YugsakLF2","name":"Sulakshana Pandit","type":"artist","uri":"spotify:artist:2wVpsY4Geh7l1YugsakLF2"}],"available_markets":["AR","AU","AT","BE","BO","BR","BG","CA","CL","CO","CR","CY","CZ","DK","DO","DE","EC","EE","SV","FI","FR","GR","GT","HN","HK","HU","IS","IE","IT","LV","LT","LU","MY","MT","MX","NL","NZ","NI","NO","PA","PY","PE","PH","PL","PT","SG","SK","ES","SE","CH","TW","TR","UY","US","GB","ID","JP","TH","VN","RO","IL","ZA","SA","AE","BH","QA","OM","KW","EG","MA","DZ","TN","LB","JO","PS","IN","UA","AL","BA","HR","ME","MK","RS","SI","KR","LK","GH","KE","NG","TZ","UG","BW","BF","CV","CW","GM","GW","LS","LR","MW","ML","NA","NE","ST","SN","SC","SL","TT","BI","KH","CM","TD","KM","GQ","SZ","GA","GN","MR","RW","TG","ZW","BJ","MG","MU","MZ","AO","CI","DJ","ZM","CD","CG","IQ","LY","VE","ET","XK"],"disc_number":1,"duration_ms":359933,"explicit":false,"external_urls":{"spotify":"https://open.spotify.com/track/20t41au7yINGkw7AFLlnkL"},"href":"https://api.spotify.com/v1/tracks/20t41au7yINGkw7AFLlnkL","id":"20t41au7yINGkw7AFLlnkL","name":"Saagar Kinare Do Dil Hai Pyase - From \"Khamoshi - The Musical\"","preview_url":null,"track_number":3,"type":"track","uri":"spotify:track:20t41au7yINGkw7AFLlnkL","is_local":false},{"artists":[{"external_urls":{"spotify":"https://open.spotify.com/artist/70B80Lwx2sxti0M1Ng9e8K"},"href":"https://api.spotify.com/v1/artists/70B80Lwx2sxti0M1Ng9e8K","id":"70B80Lwx2sxti0M1Ng9e8K","name":"Udit Narayan","type":"artist","uri":"spotify:artist:70B80Lwx2sxti0M1Ng9e8K"},{"external_urls":{"spotify":"https://open.spotify.com/artist/4Hbdz7LNnEHpAD9MwvxCdV"},"href":"https://api.spotify.com/v1/artists/4Hbdz7LNnEHpAD9MwvxCdV","id":"4Hbdz7LNnEHpAD9MwvxCdV","name":"Saswati Phukan","type":"artist","uri":"spotify:artist:4Hbdz7LNnEHpAD9MwvxCdV"}],"available_markets":["AR","AU","AT","BE","BO","BR","BG","CA","CL","CO","CR","CY","CZ","DK","DO","DE","EC","EE","SV","FI","FR","GR","GT","HN","HK","HU","IS","IE","IT","LV","LT","LU","MY","MT","MX","NL","NZ","NI","NO","PA","PY","PE","PH","PL","PT","SG","SK","ES","SE","CH","TW","TR","UY","US","GB","ID","JP","TH","VN","RO","IL","ZA","SA","AE","BH","QA","OM","KW","EG","MA","DZ","TN","LB","JO","PS","IN","UA","AL","BA","HR","ME","MK","RS","SI","KR","LK","GH","KE","NG","TZ","UG","BW","BF","CV","CW","GM","GW","LS","LR","MW","ML","NA","NE","ST","SN","SC","SL","TT","BI","KH","CM","TD","KM","GQ","SZ","GA","GN","MR","RW","TG","ZW","BJ","MG","MU","MZ","AO","CI","DJ","ZM","CD","CG","IQ","LY","VE","ET","XK"],"disc_number":1,"duration_ms":333145,"explicit":false,"external_urls":{"spotify":"https://open.spotify.com/track/5fBnvyI0PB9qKovwugS5fO"},"href":"https://api.spotify.com/v1/tracks/5fBnvyI0PB9qKovwugS5fO","id":"5fBnvyI0PB9qKovwugS5fO","name":"Ek Ladki Bas Gayee - From \"Jaal - The Trap\"","preview_url":null,"track_number":4,"type":"track","uri":"spotify:track:5fBnvyI0PB9qKovwugS5fO","is_local":false},{"artists":[{"external_urls":{"spotify":"https://open.spotify.com/artist/6WPmTGeeoymoVlXVtsCwz7"},"href":"https://api.spotify.com/v1/artists/6WPmTGeeoymoVlXVtsCwz7","id":"6WPmTGeeoymoVlXVtsCwz7","name":"Kavita Krishnamurthy","type":"artist","uri":"spotify:artist:6WPmTGeeoymoVlXVtsCwz7"},{"external_urls":{"spotify":"https://open.spotify.com/artist/70B80Lwx2sxti0M1Ng9e8K"},"href":"https://api.spotify.com/v1/artists/70B80Lwx2sxti0M1Ng9e8K","id":"70B80Lwx2sxti0M1Ng9e8K","name":"Udit Narayan","type":"artist","uri":"spotify:artist:70B80Lwx2sxti0M1Ng9e8K"}],"available_markets":["AR","AU","AT","BE","BO","BR","BG","CA","CL","CO","CR","CY","CZ","DK","DO","DE","EC","EE","SV","FI","FR","GR","GT","HN","HK","HU","IS","IE","IT","LV","LT","LU","MY","MT","MX","NL","NZ","NI","NO","PA","PY","PE","PH","PL","PT","SG","SK","ES","SE","CH","TW","TR","UY","US","GB","ID","JP","TH","VN","RO","IL","ZA","SA","AE","BH","QA","OM","KW","EG","MA","DZ","TN","LB","JO","PS","IN","UA","AL","BA","HR","ME","MK","RS","SI","KR","LK","GH","KE","NG","TZ","UG","BW","BF","CV","CW","GM","GW","LS","LR","MW","ML","NA","NE","ST","SN","SC","SL","TT","BI","KH","CM","TD","KM","GQ","SZ","GA","GN","MR","RW","TG","ZW","BJ","MG","MU","MZ","AO","CI","DJ","ZM","CD","CG","IQ","LY","VE","ET","XK"],"disc_number":1,"duration_ms":362293,"explicit":false,"external_urls":{"spotify":"https://open.spotify.com/track/3j3b1xaOJEbw1JqSLNuUGJ"},"href":"https://api.spotify.com/v1/tracks/3j3b1xaOJEbw1JqSLNuUGJ","id":"3j3b1xaOJEbw1JqSLNuUGJ","name":"Hamesha Tumko Chaha - From \"Devdas\"","preview_url":null,"track_number":5,"type":"track","uri":"spotify:track:3j3b1xaOJEbw1JqSLNuUGJ","is_local":false},{"artists":[{"external_urls":{"spotify":"https://open.spotify.com/artist/70B80Lwx2sxti0M1Ng9e8K"},"href":"https://api.spotify.com/v1/artists/70B80Lwx2sxti0M1Ng9e8K","id":"70B80Lwx2sxti0M1Ng9e8K","name":"Udit Narayan","type":"artist","uri":"spotify:artist:70B80Lwx2sxti0M1Ng9e8K"},{"external_urls":{"spotify":"https://open.spotify.com/artist/3gBKY0y3dFFVRqicLnVZYz"},"href":"https://api.spotify.com/v1/artists/3gBKY0y3dFFVRqicLnVZYz","id":"3gBKY0y3dFFVRqicLnVZYz","name":"Alka Yagnik","type":"artist","uri":"spotify:artist:3gBKY0y3dFFVRqicLnVZYz"}],"available_markets":["AR","AU","AT","BE","BO","BR","BG","CA","CL","CO","CR","CY","CZ","DK","DO","DE","EC","EE","SV","FI","FR","GR","GT","HN","HK","HU","IS","IE","IT","LV","LT","LU","MY","MT","MX","NL","NZ","NI","NO","PA","PY","PE","PH","PL","PT","SG","SK","ES","SE","CH","TW","TR","UY","US","GB","ID","JP","TH","VN","RO","IL","ZA","SA","AE","BH","QA","OM","KW","EG","MA","DZ","TN","LB","JO","PS","IN","UA","AL","BA","HR","ME","MK","RS","SI","KR","LK","GH","KE","NG","TZ","UG","BW","BF","CV","CW","GM","GW","LS","LR","MW","ML","NA","NE","ST","SN","SC","SL","TT","BI","KH","CM","TD","KM","GQ","SZ","GA","GN","MR","RW","TG","ZW","BJ","MG","MU","MZ","AO","CI","DJ","ZM","CD","CG","IQ","LY","VE","ET","XK"],"disc_number":1,"duration_ms":269458,"explicit":false,"external_urls":{"spotify":"https://open.spotify.com/track/7x1cbTng0It7Knylo6A0Po"},"href":"https://api.spotify.com/v1/tracks/7x1cbTng0It7Knylo6A0Po","id":"7x1cbTng0It7Knylo6A0Po","name":"Rab Di Kasam - From \"Indian\"","preview_url":null,"track_number":6,"type":"track","uri":"spotify:track:7x1cbTng0It7Knylo6A0Po","is_local":false},{"artists":[{"external_urls":{"spotify":"https://open.spotify.com/artist/70B80Lwx2sxti0M1Ng9e8K"},"href":"https://api.spotify.com/v1/artists/70B80Lwx2sxti0M1Ng9e8K","id":"70B80Lwx2sxti0M1Ng9e8K","name":"Udit Narayan","type":"artist","uri":"spotify:artist:70B80Lwx2sxti0M1Ng9e8K"},{"external_urls":{"spotify":"https://open.spotify.com/artist/3eDT9fwXKuHWFvgZaaYC5v"},"href":"https://api.spotify.com/v1/artists/3eDT9fwXKuHWFvgZaaYC5v","id":"3eDT9fwXKuHWFvgZaaYC5v","name":"Sunidhi Chauhan","type":"artist","uri":"spotify:artist:3eDT9fwXKuHWFvgZaaYC5v"}],"available_markets":["AR","AU","AT","BE","BO","BR","BG","CA","CL","CO","CR","CY","CZ","DK","DO","DE","EC","EE","SV","FI","FR","GR","GT","HN","HK","HU","IS","IE","IT","LV","LT","LU","MY","MT","MX","NL","NZ","NI","NO","PA","PY","PE","PH","PL","PT","SG","SK","ES","SE","CH","TW","TR","UY","US","GB","ID","JP","TH","VN","RO","IL","ZA","SA","AE","BH","QA","OM","KW","EG","MA","DZ","TN","LB","JO","PS","IN","UA","AL","BA","HR","ME","MK","RS","SI","KR","LK","GH","KE","NG","TZ","UG","BW","BF","CV","CW","GM","GW","LS","LR","MW","ML","NA","NE","ST","SN","SC","SL","TT","BI","KH","CM","TD","KM","GQ","SZ","GA","GN","MR","RW","TG","ZW","BJ","MG","MU","MZ","AO","CI","DJ","ZM","CD","CG","IQ","LY","VE","ET","XK"],"disc_number":1,"duration_ms":251489,"explicit":false,"external_urls":{"spotify":"https://open.spotify.com/track/2mmvJ14ekizuPlPief97fg"},"href":"https://api.spotify.com/v1/tracks/2mmvJ14ekizuPlPief97fg","id":"2mmvJ14ekizuPlPief97fg","name":"Kehta Hai Mera Jiya - From \"Raja Bhaiya\"","preview_url":null,"track_number":7,"type":"track","uri":"spotify:track:2mmvJ14ekizuPlPief97fg","is_local":false},{"artists":[{"external_urls":{"spotify":"https://open.spotify.com/artist/70B80Lwx2sxti0M1Ng9e8K"},"href":"https://api.spotify.com/v1/artists/70B80Lwx2sxti0M1Ng9e8K","id":"70B80Lwx2sxti0M1Ng9e8K","name":"Udit Narayan","type":"artist","uri":"spotify:artist:70B80Lwx2sxti0M1Ng9e8K"}],"available_markets":["AR","AU","AT","BE","BO","BR","BG","CA","CL","CO","CR","CY","CZ","DK","DO","DE","EC","EE","SV","FI","FR","GR","GT","HN","HK","HU","IS","IE","IT","LV","LT","LU","MY","MT","MX","NL","NZ","NI","NO","PA","PY","PE","PH","PL","PT","SG","SK","ES","SE","CH","TW","TR","UY","US","GB","ID","JP","TH","VN","RO","IL","ZA","SA","AE","BH","QA","OM","KW","EG","MA","DZ","TN","LB","JO","PS","IN","UA","AL","BA","HR","ME","MK","RS","SI","KR","LK","GH","KE","NG","TZ","UG","BW","BF","CV","CW","GM","GW","LS","LR","MW","ML","NA","NE","ST","SN","SC","SL","TT","BI","KH","CM","TD","KM","GQ","SZ","GA","GN","MR","RW","TG","ZW","BJ","MG","MU","MZ","AO","CI","DJ","ZM","CD","CG","IQ","LY","VE","ET","XK"],"disc_number":1,"duration_ms":207990,"explicit":false,"external_urls":{"spotify":"https://open.spotify.com/track/2WuT14mASEIALLLDJyTvuX"},"href":"https://api.spotify.com/v1/tracks/2WuT14mASEIALLLDJyTvuX","id":"2WuT14mASEIALLLDJyTvuX","name":"Zindagi Hai Masti - From \"Aisa Kyon\"","preview_url":null,"track_number":8,"type":"track","uri":"spotify:track:2WuT14mASEIALLLDJyTvuX","is_local":false},{"artists":[{"external_urls":{"spotify":"https://open.spotify.com/artist/70B80Lwx2sxti0M1Ng9e8K"},"href":"https://api.spotify.com/v1/artists/70B80Lwx2sxti0M1Ng9e8K","id":"70B80Lwx2sxti0M1Ng9e8K","name":"Udit Narayan","type":"artist","uri":"spotify:artist:70B80Lwx2sxti0M1Ng9e8K"},{"external_urls":{"spotify":"https://open.spotify.com/artist/6WPmTGeeoymoVlXVtsCwz7"},"href":"https://api.spotify.com/v1/artists/6WPmTGeeoymoVlXVtsCwz7","id":"6WPmTGeeoymoVlXVtsCwz7","name":"Kavita Krishnamurthy","type":"artist","uri":"spotify:artist:6WPmTGeeoymoVlXVtsCwz7"}],"available_markets":["AR","AU","AT","BE","BO","BR","BG","CA","CL","CO","CR","CY","CZ","DK","DO","DE","EC","EE","SV","FI","FR","GR","GT","HN","HK","HU","IS","IE","IT","LV","LT","LU","MY","MT","MX","NL","NZ","NI","NO","PA","PY","PE","PH","PL","PT","SG","SK","ES","SE","CH","TW","TR","UY","US","GB","ID","JP","TH","VN","RO","IL","ZA","SA","AE","BH","QA","OM","KW","EG","MA","DZ","TN","LB","JO","PS","IN","UA","AL","BA","HR","ME","MK","RS","SI","KR","LK","GH","KE","NG","TZ","UG","BW","BF","CV","CW","GM","GW","LS","LR","MW","ML","NA","NE","ST","SN","SC","SL","TT","BI","KH","CM","TD","KM","GQ","SZ","GA","GN","MR","RW","TG","ZW","BJ","MG","MU","MZ","AO","CI","DJ","ZM","CD","CG","IQ","LY","VE","ET","XK"],"disc_number":1,"duration_ms":353125,"explicit":false,"external_urls":{"spotify":"https://open.spotify.com/track/7GZCjBqyLMSXWo9BusrLMs"},"href":"https://api.spotify.com/v1/tracks/7GZCjBqyLMSXWo9BusrLMs","id":"7GZCjBqyLMSXWo9BusrLMs","name":"Kitne Door Kitne Paas - From \"Kitne Door Kitne Paas\"","preview_url":null,"track_number":9,"type":"track","uri":"spotify:track:7GZCjBqyLMSXWo9BusrLMs","is_local":false},{"artists":[{"external_urls":{"spotify":"https://open.spotify.com/artist/70B80Lwx2sxti0M1Ng9e8K"},"href":"https://api.spotify.com/v1/artists/70B80Lwx2sxti0M1Ng9e8K","id":"70B80Lwx2sxti0M1Ng9e8K","name":"Udit Narayan","type":"artist","uri":"spotify:artist:70B80Lwx2sxti0M1Ng9e8K"},{"external_urls":{"spotify":"https://open.spotify.com/artist/5as8A4G47Ohu9NSWs3Je8U"},"href":"https://api.spotify.com/v1/artists/5as8A4G47Ohu9NSWs3Je8U","id":"5as8A4G47Ohu9NSWs3Je8U","name":"Asha Bhosle","type":"artist","uri":"spotify:artist:5as8A4G47Ohu9NSWs3Je8U"}],"available_markets":["AR","AU","AT","BE","BO","BR","BG","CA","CL","CO","CR","CY","CZ","DK","DO","DE","EC","EE","SV","FI","FR","GR","GT","HN","HK","HU","IS","IE","IT","LV","LT","LU","MY","MT","MX","NL","NZ","NI","NO","PA","PY","PE","PH","PL","PT","SG","SK","ES","SE","CH","TW","TR","UY","US","GB","ID","JP","TH","VN","RO","IL","ZA","SA","AE","BH","QA","OM","KW","EG","MA","DZ","TN","LB","JO","PS","IN","UA","AL","BA","HR","ME","MK","RS","SI","KR","LK","GH","KE","NG","TZ","UG","BW","BF","CV","CW","GM","GW","LS","LR","MW","ML","NA","NE","ST","SN","SC","SL","TT","BI","KH","CM","TD","KM","GQ","SZ","GA","GN","MR","RW","TG","ZW","BJ","MG","MU","MZ","AO","CI","DJ","ZM","CD","CG","IQ","LY","VE","ET","XK"],"disc_number":1,"duration_ms":332680,"explicit":false,"external_urls":{"spotify":"https://open.spotify.com/track/2JwUgq2SnZN2IuSUyDEuya"},"href":"https://api.spotify.com/v1/tracks/2JwUgq2SnZN2IuSUyDEuya","id":"2JwUgq2SnZN2IuSUyDEuya","name":"Ek Ladke Pe Aa Gaya Hai - Inth Ka Jawab Patthar / Soundtrack Version","preview_url":null,"track_number":10,"type":"track","uri":"spotify:track:2JwUgq2SnZN2IuSUyDEuya","is_local":false},{"artists":[{"external_urls":{"spotify":"https://open.spotify.com/artist/70B80Lwx2sxti0M1Ng9e8K"},"href":"https://api.spotify.com/v1/artists/70B80Lwx2sxti0M1Ng9e8K","id":"70B80Lwx2sxti0M1Ng9e8K","name":"Udit Narayan","type":"artist","uri":"spotify:artist:70B80Lwx2sxti0M1Ng9e8K"}],"available_markets":["AR","AU","AT","BE","BO","BR","BG","CA","CL","CO","CR","CY","CZ","DK","DO","DE","EC","EE","SV","FI","FR","GR","GT","HN","HK","HU","IS","IE","IT","LV","LT","LU","MY","MT","MX","NL","NZ","NI","NO","PA","PY","PE","PH","PL","PT","SG","SK","ES","SE","CH","TW","TR","UY","US","GB","ID","JP","TH","VN","RO","IL","ZA","SA","AE","BH","QA","OM","KW","EG","MA","DZ","TN","LB","JO","PS","IN","UA","AL","BA","HR","ME","MK","RS","SI","KR","LK","GH","KE","NG","TZ","UG","BW","BF","CV","CW","GM","GW","LS","LR","MW","ML","NA","NE","ST","SN","SC","SL","TT","BI","KH","CM","TD","KM","GQ","SZ","GA","GN","MR","RW","TG","ZW","BJ","MG","MU","MZ","AO","CI","DJ","ZM","CD","CG","IQ","LY","VE","ET","XK"],"disc_number":1,"duration_ms":313560,"explicit":false,"external_urls":{"spotify":"https://open.spotify.com/track/5EX1m8zlWxZa3zSh1VgmFi"},"href":"https://api.spotify.com/v1/tracks/5EX1m8zlWxZa3zSh1VgmFi","id":"5EX1m8zlWxZa3zSh1VgmFi","name":"Jana Suno Hum Tumpe Marte Hai - From \"Khamoshi - The Musical\"","preview_url":null,"track_number":11,"type":"track","uri":"spotify:track:5EX1m8zlWxZa3zSh1VgmFi","is_local":false},{"artists":[{"external_urls":{"spotify":"https://open.spotify.com/artist/70B80Lwx2sxti0M1Ng9e8K"},"href":"https://api.spotify.com/v1/artists/70B80Lwx2sxti0M1Ng9e8K","id":"70B80Lwx2sxti0M1Ng9e8K","name":"Udit Narayan","type":"artist","uri":"spotify:artist:70B80Lwx2sxti0M1Ng9e8K"},{"external_urls":{"spotify":"https://open.spotify.com/artist/6lpXKoHUzxZc5PwyS6cu4C"},"href":"https://api.spotify.com/v1/artists/6lpXKoHUzxZc5PwyS6cu4C","id":"6lpXKoHUzxZc5PwyS6cu4C","name":"Poornima","type":"artist","uri":"spotify:artist:6lpXKoHUzxZc5PwyS6cu4C"}],"available_markets":["AR","AU","AT","BE","BO","BR","BG","CA","CL","CO","CR","CY","CZ","DK","DO","DE","EC","EE","SV","FI","FR","GR","GT","HN","HK","HU","IS","IE","IT","LV","LT","LU","MY","MT","MX","NL","NZ","NI","NO","PA","PY","PE","PH","PL","PT","SG","SK","ES","SE","CH","TW","TR","UY","US","GB","ID","JP","TH","VN","RO","IL","ZA","SA","AE","BH","QA","OM","KW","EG","MA","DZ","TN","LB","JO","PS","IN","UA","AL","BA","HR","ME","MK","RS","SI","KR","LK","GH","KE","NG","TZ","UG","BW","BF","CV","CW","GM","GW","LS","LR","MW","ML","NA","NE","ST","SN","SC","SL","TT","BI","KH","CM","TD","KM","GQ","SZ","GA","GN","MR","RW","TG","ZW","BJ","MG","MU","MZ","AO","CI","DJ","ZM","CD","CG","IQ","LY","VE","ET","XK"],"disc_number":1,"duration_ms":302733,"explicit":false,"external_urls":{"spotify":"https://open.spotify.com/track/2quZfLH6GWTn5PJRAULoAb"},"href":"https://api.spotify.com/v1/tracks/2quZfLH6GWTn5PJRAULoAb","id":"2quZfLH6GWTn5PJRAULoAb","name":"Sone Jaisa Roop Hai - Deewana Hoon Pagal Nahin / Soundtrack Version","preview_url":null,"track_number":12,"type":"track","uri":"spotify:track:2quZfLH6GWTn5PJRAULoAb","is_local":false},{"artists":[{"external_urls":{"spotify":"https://open.spotify.com/artist/70B80Lwx2sxti0M1Ng9e8K"},"href":"https://api.spotify.com/v1/artists/70B80Lwx2sxti0M1Ng9e8K","id":"70B80Lwx2sxti0M1Ng9e8K","name":"Udit Narayan","type":"artist","uri":"spotify:artist:70B80Lwx2sxti0M1Ng9e8K"},{"external_urls":{"spotify":"https://open.spotify.com/artist/7guD32ltIhsA1tHdf7IVe0"},"href":"https://api.spotify.com/v1/artists/7guD32ltIhsA1tHdf7IVe0","id":"7guD32ltIhsA1tHdf7IVe0","name":"Babul Supriyo","type":"artist","uri":"spotify:artist:7guD32ltIhsA1tHdf7IVe0"},{"external_urls":{"spotify":"https://open.spotify.com/artist/3eDT9fwXKuHWFvgZaaYC5v"},"href":"https://api.spotify.com/v1/artists/3eDT9fwXKuHWFvgZaaYC5v","id":"3eDT9fwXKuHWFvgZaaYC5v","name":"Sunidhi Chauhan","type":"artist","uri":"spotify:artist:3eDT9fwXKuHWFvgZaaYC5v"}],"available_markets":["AR","AU","AT","BE","BO","BR","BG","CA","CL","CO","CR","CY","CZ","DK","DO","DE","EC","EE","SV","FI","FR","GR","GT","HN","HK","HU","IS","IE","IT","LV","LT","LU","MY","MT","MX","NL","NZ","NI","NO","PA","PY","PE","PH","PL","PT","SG","SK","ES","SE","CH","TW","TR","UY","US","GB","ID","JP","TH","VN","RO","IL","ZA","SA","AE","BH","QA","OM","KW","EG","MA","DZ","TN","LB","JO","PS","IN","UA","AL","BA","HR","ME","MK","RS","SI","KR","LK","GH","KE","NG","TZ","UG","BW","BF","CV","CW","GM","GW","LS","LR","MW","ML","NA","NE","ST","SN","SC","SL","TT","BI","KH","CM","TD","KM","GQ","SZ","GA","GN","MR","RW","TG","ZW","BJ","MG","MU","MZ","AO","CI","DJ","ZM","CD","CG","IQ","LY","VE","ET","XK"],"disc_number":1,"duration_ms":282431,"explicit":false,"external_urls":{"spotify":"https://open.spotify.com/track/70FGySA81QaCzP465O3uQj"},"href":"https://api.spotify.com/v1/tracks/70FGySA81QaCzP465O3uQj","id":"70FGySA81QaCzP465O3uQj","name":"Style Nasha Tera - From \"Aamdani Atthanni Kharcha Rupaiya\"","preview_url":null,"track_number":13,"type":"track","uri":"spotify:track:70FGySA81QaCzP465O3uQj","is_local":false},{"artists":[{"external_urls":{"spotify":"https://open.spotify.com/artist/70B80Lwx2sxti0M1Ng9e8K"},"href":"https://api.spotify.com/v1/artists/70B80Lwx2sxti0M1Ng9e8K","id":"70B80Lwx2sxti0M1Ng9e8K","name":"Udit Narayan","type":"artist","uri":"spotify:artist:70B80Lwx2sxti0M1Ng9e8K"}],"available_markets":["AR","AU","AT","BE","BO","BR","BG","CA","CL","CO","CR","CY","CZ","DK","DO","DE","EC","EE","SV","FI","FR","GR","GT","HN","HK","HU","IS","IE","IT","LV","LT","LU","MY","MT","MX","NL","NZ","NI","NO","PA","PY","PE","PH","PL","PT","SG","SK","ES","SE","CH","TW","TR","UY","US","GB","ID","JP","TH","VN","RO","IL","ZA","SA","AE","BH","QA","OM","KW","EG","MA","DZ","TN","LB","JO","PS","IN","UA","AL","BA","HR","ME","MK","RS","SI","KR","LK","GH","KE","NG","TZ","UG","BW","BF","CV","CW","GM","GW","LS","LR","MW","ML","NA","NE","ST","SN","SC","SL","TT","BI","KH","CM","TD","KM","GQ","SZ","GA","GN","MR","RW","TG","ZW","BJ","MG","MU","MZ","AO","CI","DJ","ZM","CD","CG","IQ","LY","VE","ET","XK"],"disc_number":1,"duration_ms":230121,"explicit":false,"external_urls":{"spotify":"https://open.spotify.com/track/2iovhDixLek9Y4YNxbvk0X"},"href":"https://api.spotify.com/v1/tracks/2iovhDixLek9Y4YNxbvk0X","id":"2iovhDixLek9Y4YNxbvk0X","name":"Aisa Kyon - From \"Aisa Kyon\"","preview_url":null,"track_number":14,"type":"track","uri":"spotify:track:2iovhDixLek9Y4YNxbvk0X","is_local":false},{"artists":[{"external_urls":{"spotify":"https://open.spotify.com/artist/70B80Lwx2sxti0M1Ng9e8K"},"href":"https://api.spotify.com/v1/artists/70B80Lwx2sxti0M1Ng9e8K","id":"70B80Lwx2sxti0M1Ng9e8K","name":"Udit Narayan","type":"artist","uri":"spotify:artist:70B80Lwx2sxti0M1Ng9e8K"}],"available_markets":["AR","AU","AT","BE","BO","BR","BG","CA","CL","CO","CR","CY","CZ","DK","DO","DE","EC","EE","SV","FI","FR","GR","GT","HN","HK","HU","IS","IE","IT","LV","LT","LU","MY","MT","MX","NL","NZ","NI","NO","PA","PY","PE","PH","PL","PT","SG","SK","ES","SE","CH","TW","TR","UY","US","GB","ID","JP","TH","VN","RO","IL","ZA","SA","AE","BH","QA","OM","KW","EG","MA","DZ","TN","LB","JO","PS","IN","UA","AL","BA","HR","ME","MK","RS","SI","KR","LK","GH","KE","NG","TZ","UG","BW","BF","CV","CW","GM","GW","LS","LR","MW","ML","NA","NE","ST","SN","SC","SL","TT","BI","KH","CM","TD","KM","GQ","SZ","GA","GN","MR","RW","TG","ZW","BJ","MG","MU","MZ","AO","CI","DJ","ZM","CD","CG","IQ","LY","VE","ET","XK"],"disc_number":1,"duration_ms":411333,"explicit":false,"external_urls":{"spotify":"https://open.spotify.com/track/0EC3Rd0IJn346a9oH9nc51"},"href":"https://api.spotify.com/v1/tracks/0EC3Rd0IJn346a9oH9nc51","id":"0EC3Rd0IJn346a9oH9nc51","name":"Badhaai Ho Badhaai - Badhaai Ho Badhaai / Soundtrack Version","preview_url":null,"track_number":15,"type":"track","uri":"spotify:track:0EC3Rd0IJn346a9oH9nc51","is_local":false},{"artists":[{"external_urls":{"spotify":"https://open.spotify.com/artist/70B80Lwx2sxti0M1Ng9e8K"},"href":"https://api.spotify.com/v1/artists/70B80Lwx2sxti0M1Ng9e8K","id":"70B80Lwx2sxti0M1Ng9e8K","name":"Udit Narayan","type":"artist","uri":"spotify:artist:70B80Lwx2sxti0M1Ng9e8K"},{"external_urls":{"spotify":"https://open.spotify.com/artist/5cB4d4jPYjMT326sjihQ4m"},"href":"https://api.spotify.com/v1/artists/5cB4d4jPYjMT326sjihQ4m","id":"5cB4d4jPYjMT326sjihQ4m","name":"Shaan","type":"artist","uri":"spotify:artist:5cB4d4jPYjMT326sjihQ4m"},{"external_urls":{"spotify":"https://open.spotify.com/artist/4rnZuhwnklBG6MvcLIjEfd"},"href":"https://api.spotify.com/v1/artists/4rnZuhwnklBG6MvcLIjEfd","id":"4rnZuhwnklBG6MvcLIjEfd","name":"Johnny Lever","type":"artist","uri":"spotify:artist:4rnZuhwnklBG6MvcLIjEfd"}],"available_markets":["AR","AU","AT","BE","BO","BR","BG","CA","CL","CO","CR","CY","CZ","DK","DO","DE","EC","EE","SV","FI","FR","GR","GT","HN","HK","HU","IS","IE","IT","LV","LT","LU","MY","MT","MX","NL","NZ","NI","NO","PA","PY","PE","PH","PL","PT","SG","SK","ES","SE","CH","TW","TR","UY","US","GB","ID","JP","TH","VN","RO","IL","ZA","SA","AE","BH","QA","OM","KW","EG","MA","DZ","TN","LB","JO","PS","IN","UA","AL","BA","HR","ME","MK","RS","SI","KR","LK","GH","KE","NG","TZ","UG","BW","BF","CV","CW","GM","GW","LS","LR","MW","ML","NA","NE","ST","SN","SC","SL","TT","BI","KH","CM","TD","KM","GQ","SZ","GA","GN","MR","RW","TG","ZW","BJ","MG","MU","MZ","AO","CI","DJ","ZM","CD","CG","IQ","LY","VE","ET","XK"],"disc_number":1,"duration_ms":370786,"explicit":false,"external_urls":{"spotify":"https://open.spotify.com/track/17xcHcrKMLeNOZYr5J4C4r"},"href":"https://api.spotify.com/v1/tracks/17xcHcrKMLeNOZYr5J4C4r","id":"17xcHcrKMLeNOZYr5J4C4r","name":"Aamdani Atthanni - Aamdani Atthanni Kharcha Rupaiya / Soundtrack Version","preview_url":null,"track_number":16,"type":"track","uri":"spotify:track:17xcHcrKMLeNOZYr5J4C4r","is_local":false},{"artists":[{"external_urls":{"spotify":"https://open.spotify.com/artist/70B80Lwx2sxti0M1Ng9e8K"},"href":"https://api.spotify.com/v1/artists/70B80Lwx2sxti0M1Ng9e8K","id":"70B80Lwx2sxti0M1Ng9e8K","name":"Udit Narayan","type":"artist","uri":"spotify:artist:70B80Lwx2sxti0M1Ng9e8K"},{"external_urls":{"spotify":"https://open.spotify.com/artist/3gBKY0y3dFFVRqicLnVZYz"},"href":"https://api.spotify.com/v1/artists/3gBKY0y3dFFVRqicLnVZYz","id":"3gBKY0y3dFFVRqicLnVZYz","name":"Alka Yagnik","type":"artist","uri":"spotify:artist:3gBKY0y3dFFVRqicLnVZYz"}],"available_markets":["AR","AU","AT","BE","BO","BR","BG","CA","CL","CO","CR","CY","CZ","DK","DO","DE","EC","EE","SV","FI","FR","GR","GT","HN","HK","HU","IS","IE","IT","LV","LT","LU","MY","MT","MX","NL","NZ","NI","NO","PA","PY","PE","PH","PL","PT","SG","SK","ES","SE","CH","TW","TR","UY","US","GB","ID","JP","TH","VN","RO","IL","ZA","SA","AE","BH","QA","OM","KW","EG","MA","DZ","TN","LB","JO","PS","IN","UA","AL","BA","HR","ME","MK","RS","SI","KR","LK","GH","KE","NG","TZ","UG","BW","BF","CV","CW","GM","GW","LS","LR","MW","ML","NA","NE","ST","SN","SC","SL","TT","BI","KH","CM","TD","KM","GQ","SZ","GA","GN","MR","RW","TG","ZW","BJ","MG","MU","MZ","AO","CI","DJ","ZM","CD","CG","IQ","LY","VE","ET","XK"],"disc_number":1,"duration_ms":327942,"explicit":false,"external_urls":{"spotify":"https://open.spotify.com/track/2V93YwAihWFPi9Qa1qArFa"},"href":"https://api.spotify.com/v1/tracks/2V93YwAihWFPi9Qa1qArFa","id":"2V93YwAihWFPi9Qa1qArFa","name":"Chudi Khankayi Re - From \"Yeh Hai Jalwa\"","preview_url":null,"track_number":17,"type":"track","uri":"spotify:track:2V93YwAihWFPi9Qa1qArFa","is_local":false},{"artists":[{"external_urls":{"spotify":"https://open.spotify.com/artist/70B80Lwx2sxti0M1Ng9e8K"},"href":"https://api.spotify.com/v1/artists/70B80Lwx2sxti0M1Ng9e8K","id":"70B80Lwx2sxti0M1Ng9e8K","name":"Udit Narayan","type":"artist","uri":"spotify:artist:70B80Lwx2sxti0M1Ng9e8K"},{"external_urls":{"spotify":"https://open.spotify.com/artist/3gBKY0y3dFFVRqicLnVZYz"},"href":"https://api.spotify.com/v1/artists/3gBKY0y3dFFVRqicLnVZYz","id":"3gBKY0y3dFFVRqicLnVZYz","name":"Alka Yagnik","type":"artist","uri":"spotify:artist:3gBKY0y3dFFVRqicLnVZYz"}],"available_markets":["AR","AU","AT","BE","BO","BR","BG","CA","CL","CO","CR","CY","CZ","DK","DO","DE","EC","EE","SV","FI","FR","GR","GT","HN","HK","HU","IS","IE","IT","LV","LT","LU","MY","MT","MX","NL","NZ","NI","NO","PA","PY","PE","PH","PL","PT","SG","SK","ES","SE","CH","TW","TR","UY","US","GB","ID","JP","TH","VN","RO","IL","ZA","SA","AE","BH","QA","OM","KW","EG","MA","DZ","TN","LB","JO","PS","IN","UA","AL","BA","HR","ME","MK","RS","SI","KR","LK","GH","KE","NG","TZ","UG","BW","BF","CV","CW","GM","GW","LS","LR","MW","ML","NA","NE","ST","SN","SC","SL","TT","BI","KH","CM","TD","KM","GQ","SZ","GA","GN","MR","RW","TG","ZW","BJ","MG","MU","MZ","AO","CI","DJ","ZM","CD","CG","IQ","LY","VE","ET","XK"],"disc_number":1,"duration_ms":268972,"explicit":false,"external_urls":{"spotify":"https://open.spotify.com/track/3V3BTu3sF872XCLhRfFYWa"},"href":"https://api.spotify.com/v1/tracks/3V3BTu3sF872XCLhRfFYWa","id":"3V3BTu3sF872XCLhRfFYWa","name":"Mujhe Teri Nazarne - Waah..! Tera Kya Kehna / OST","preview_url":null,"track_number":18,"type":"track","uri":"spotify:track:3V3BTu3sF872XCLhRfFYWa","is_local":false},{"artists":[{"external_urls":{"spotify":"https://open.spotify.com/artist/70B80Lwx2sxti0M1Ng9e8K"},"href":"https://api.spotify.com/v1/artists/70B80Lwx2sxti0M1Ng9e8K","id":"70B80Lwx2sxti0M1Ng9e8K","name":"Udit Narayan","type":"artist","uri":"spotify:artist:70B80Lwx2sxti0M1Ng9e8K"},{"external_urls":{"spotify":"https://open.spotify.com/artist/0Yb0T3wUUNiIvHjqnfkbuH"},"href":"https://api.spotify.com/v1/artists/0Yb0T3wUUNiIvHjqnfkbuH","id":"0Yb0T3wUUNiIvHjqnfkbuH","name":"Mahalakshmi Iyer","type":"artist","uri":"spotify:artist:0Yb0T3wUUNiIvHjqnfkbuH"}],"available_markets":["AR","AU","AT","BE","BO","BR","BG","CA","CL","CO","CR","CY","CZ","DK","DO","DE","EC","EE","SV","FI","FR","GR","GT","HN","HK","HU","IS","IE","IT","LV","LT","LU","MY","MT","MX","NL","NZ","NI","NO","PA","PY","PE","PH","PL","PT","SG","SK","ES","SE","CH","TW","TR","UY","US","GB","ID","JP","TH","VN","RO","IL","ZA","SA","AE","BH","QA","OM","KW","EG","MA","DZ","TN","LB","JO","PS","IN","UA","AL","BA","HR","ME","MK","RS","SI","KR","LK","GH","KE","NG","TZ","UG","BW","BF","CV","CW","GM","GW","LS","LR","MW","ML","NA","NE","ST","SN","SC","SL","TT","BI","KH","CM","TD","KM","GQ","SZ","GA","GN","MR","RW","TG","ZW","BJ","MG","MU","MZ","AO","CI","DJ","ZM","CD","CG","IQ","LY","VE","ET","XK"],"disc_number":1,"duration_ms":260733,"explicit":false,"external_urls":{"spotify":"https://open.spotify.com/track/5eCnr6stwrH5jCxnkplnCI"},"href":"https://api.spotify.com/v1/tracks/5eCnr6stwrH5jCxnkplnCI","id":"5eCnr6stwrH5jCxnkplnCI","name":"Tum Kaho To - Shaadi Ka Laddoo / Soundtrack Version","preview_url":null,"track_number":19,"type":"track","uri":"spotify:track:5eCnr6stwrH5jCxnkplnCI","is_local":false},{"artists":[{"external_urls":{"spotify":"https://open.spotify.com/artist/70B80Lwx2sxti0M1Ng9e8K"},"href":"https://api.spotify.com/v1/artists/70B80Lwx2sxti0M1Ng9e8K","id":"70B80Lwx2sxti0M1Ng9e8K","name":"Udit Narayan","type":"artist","uri":"spotify:artist:70B80Lwx2sxti0M1Ng9e8K"},{"external_urls":{"spotify":"https://open.spotify.com/artist/5as8A4G47Ohu9NSWs3Je8U"},"href":"https://api.spotify.com/v1/artists/5as8A4G47Ohu9NSWs3Je8U","id":"5as8A4G47Ohu9NSWs3Je8U","name":"Asha Bhosle","type":"artist","uri":"spotify:artist:5as8A4G47Ohu9NSWs3Je8U"}],"available_markets":["AR","AU","AT","BE","BO","BR","BG","CA","CL","CO","CR","CY","CZ","DK","DO","DE","EC","EE","SV","FI","FR","GR","GT","HN","HK","HU","IS","IE","IT","LV","LT","LU","MY","MT","MX","NL","NZ","NI","NO","PA","PY","PE","PH","PL","PT","SG","SK","ES","SE","CH","TW","TR","UY","US","GB","ID","JP","TH","VN","RO","IL","ZA","SA","AE","BH","QA","OM","KW","EG","MA","DZ","TN","LB","JO","PS","IN","UA","AL","BA","HR","ME","MK","RS","SI","KR","LK","GH","KE","NG","TZ","UG","BW","BF","CV","CW","GM","GW","LS","LR","MW","ML","NA","NE","ST","SN","SC","SL","TT","BI","KH","CM","TD","KM","GQ","SZ","GA","GN","MR","RW","TG","ZW","BJ","MG","MU","MZ","AO","CI","DJ","ZM","CD","CG","IQ","LY","VE","ET","XK"],"disc_number":1,"duration_ms":342920,"explicit":false,"external_urls":{"spotify":"https://open.spotify.com/track/7h5i8V9bfUdCZ412yzpUKY"},"href":"https://api.spotify.com/v1/tracks/7h5i8V9bfUdCZ412yzpUKY","id":"7h5i8V9bfUdCZ412yzpUKY","name":"Rajai Odh Ke - Inth Ka Jawab Patthar / Soundtrack Version","preview_url":null,"track_number":20,"type":"track","uri":"spotify:track:7h5i8V9bfUdCZ412yzpUKY","is_local":false},{"artists":[{"external_urls":{"spotify":"https://open.spotify.com/artist/3gBKY0y3dFFVRqicLnVZYz"},"href":"https://api.spotify.com/v1/artists/3gBKY0y3dFFVRqicLnVZYz","id":"3gBKY0y3dFFVRqicLnVZYz","name":"Alka Yagnik","type":"artist","uri":"spotify:artist:3gBKY0y3dFFVRqicLnVZYz"},{"external_urls":{"spotify":"https://open.spotify.com/artist/70B80Lwx2sxti0M1Ng9e8K"},"href":"https://api.spotify.com/v1/artists/70B80Lwx2sxti0M1Ng9e8K","id":"70B80Lwx2sxti0M1Ng9e8K","name":"Udit Narayan","type":"artist","uri":"spotify:artist:70B80Lwx2sxti0M1Ng9e8K"}],"available_markets":["AR","AU","AT","BE","BO","BR","BG","CA","CL","CO","CR","CY","CZ","DK","DO","DE","EC","EE","SV","FI","FR","GR","GT","HN","HK","HU","IS","IE","IT","LV","LT","LU","MY","MT","MX","NL","NZ","NI","NO","PA","PY","PE","PH","PL","PT","SG","SK","ES","SE","CH","TW","TR","UY","US","GB","ID","JP","TH","VN","RO","IL","ZA","SA","AE","BH","QA","OM","KW","EG","MA","DZ","TN","LB","JO","PS","IN","UA","AL","BA","HR","ME","MK","RS","SI","KR","LK","GH","KE","NG","TZ","UG","BW","BF","CV","CW","GM","GW","LS","LR","MW","ML","NA","NE","ST","SN","SC","SL","TT","BI","KH","CM","TD","KM","GQ","SZ","GA","GN","MR","RW","TG","ZW","BJ","MG","MU","MZ","AO","CI","DJ","ZM","CD","CG","IQ","LY","VE","ET","XK"],"disc_number":1,"duration_ms":280986,"explicit":false,"external_urls":{"spotify":"https://open.spotify.com/track/0veb8GZd7AOcTtQ8XDAYsV"},"href":"https://api.spotify.com/v1/tracks/0veb8GZd7AOcTtQ8XDAYsV","id":"0veb8GZd7AOcTtQ8XDAYsV","name":"Kuchh Hamare Hai - Pyaar Koi Khel Nahin / Soundtrack Version","preview_url":null,"track_number":21,"type":"track","uri":"spotify:track:0veb8GZd7AOcTtQ8XDAYsV","is_local":false}]},"copyrights":[{"text":"© 2024 UMG Recordings, Inc.","type":"C"},{"text":"℗ 2024 UMG Recordings, Inc. FP","type":"P"}],"external_ids":{"upc":"00602475631798"},"genres":[],"label":"UME - Global Clearing House","popularity":33}
]]></system-out>
  </testcase>
  <testcase name="getSeveralAlbums" classname="webAPI.TestAlbum" time="0.282">
    <system-out><![CDATA[04:07:25.722 [main] INFO core.OutputLog -- >>> getSeveralAlbumsexecution has been started.
>>> User Request Specification
AlbumResponse : {"albums":[{"album_type":"album","total_tracks":21,"available_markets":["AR","AU","AT","BE","BO","BR","BG","CA","CL","CO","CR","CY","CZ","DK","DO","DE","EC","EE","SV","FI","FR","GR","GT","HN","HK","HU","IS","IE","IT","LV","LT","LU","MY","MT","MX","NL","NZ","NI","NO","PA","PY","PE","PH","PL","PT","SG","SK","ES","SE","CH","TW","TR","UY","US","GB","ID","JP","TH","VN","RO","IL","ZA","SA","AE","BH","QA","OM","KW","EG","MA","DZ","TN","LB","JO","PS","IN","UA","AL","BA","HR","ME","MK","RS","SI","KR","LK","GH","KE","NG","TZ","UG","BW","BF","CV","CW","GM","GW","LS","LR","MW","ML","NA","NE","ST","SN","SC","SL","TT","BI","KH","CM","TD","KM","GQ","SZ","GA","GN","MR","RW","TG","ZW","BJ","MG","MU","MZ","AO","CI","DJ","ZM","CD","CG","IQ","LY","VE","ET","XK"],"external_urls":{"spotify":"https://open.spotify.com/album/4rvCQOx2G4DYIq2dnTIN5U"},"href":"https://api.spotify.com/v1/albums/4rvCQOx2G4DYIq2dnTIN5U","id":"4rvCQOx2G4DYIq2dnTIN5U","images":[{"url":"https://i.scdn.co/image/ab67616d0000b2731b8565b88af9ae26f1adb0f2","height":640,"width":640},{"url":"https://i.scdn.co/image/ab67616d00001e021b8565b88af9ae26f1adb0f2","height":300,"width":300},{"url":"https://i.scdn.co/image/ab67616d000048511b8565b88af9ae26f1adb0f2","height":64,"width":64}],"name":"Udit Narayan Most Loved Songs","release_date":"2024-11-25","release_date_precision":"day","type":"album","uri":"spotify:album:4rvCQOx2G4DYIq2dnTIN5U","artists":[{"external_urls":{"spotify":"https://open.spotify.com/artist/70B80Lwx2sxti0M1Ng9e8K"},"href":"https://api.spotify.com/v1/artists/70B80Lwx2sxti0M1Ng9e8K","id":"70B80Lwx2sxti0M1Ng9e8K","name":"Udit Narayan","type":"artist","uri":"spotify:artist:70B80Lwx2sxti0M1Ng9e8K"}],"tracks":{"href":"https://api.spotify.com/v1/albums/4rvCQOx2G4DYIq2dnTIN5U/tracks?offset=0&limit=50","limit":50,"next":null,"offset":0,"previous":null,"total":21,"items":[{"artists":[{"external_urls":{"spotify":"https://open.spotify.com/artist/70B80Lwx2sxti0M1Ng9e8K"},"href":"https://api.spotify.com/v1/artists/70B80Lwx2sxti0M1Ng9e8K","id":"70B80Lwx2sxti0M1Ng9e8K","name":"Udit Narayan","type":"artist","uri":"spotify:artist:70B80Lwx2sxti0M1Ng9e8K"},{"external_urls":{"spotify":"https://open.spotify.com/artist/3gBKY0y3dFFVRqicLnVZYz"},"href":"https://api.spotify.com/v1/artists/3gBKY0y3dFFVRqicLnVZYz","id":"3gBKY0y3dFFVRqicLnVZYz","name":"Alka Yagnik","type":"artist","uri":"spotify:artist:3gBKY0y3dFFVRqicLnVZYz"}],"available_markets":["AR","AU","AT","BE","BO","BR","BG","CA","CL","CO","CR","CY","CZ","DK","DO","DE","EC","EE","SV","FI","FR","GR","GT","HN","HK","HU","IS","IE","IT","LV","LT","LU","MY","MT","MX","NL","NZ","NI","NO","PA","PY","PE","PH","PL","PT","SG","SK","ES","SE","CH","TW","TR","UY","US","GB","ID","JP","TH","VN","RO","IL","ZA","SA","AE","BH","QA","OM","KW","EG","MA","DZ","TN","LB","JO","PS","IN","UA","AL","BA","HR","ME","MK","RS","SI","KR","LK","GH","KE","NG","TZ","UG","BW","BF","CV","CW","GM","GW","LS","LR","MW","ML","NA","NE","ST","SN","SC","SL","TT","BI","KH","CM","TD","KM","GQ","SZ","GA","GN","MR","RW","TG","ZW","BJ","MG","MU","MZ","AO","CI","DJ","ZM","CD","CG","IQ","LY","VE","ET","XK"],"disc_number":1,"duration_ms":266058,"explicit":false,"external_urls":{"spotify":"https://open.spotify.com/track/4T6ZmGkD6WOxkfJ5TQjwMW"},"href":"https://api.spotify.com/v1/tracks/4T6ZmGkD6WOxkfJ5TQjwMW","id":"4T6ZmGkD6WOxkfJ5TQjwMW","name":"Tu Mere Samne - From \"Chori Chori\"","preview_url":null,"track_number":1,"type":"track","uri":"spotify:track:4T6ZmGkD6WOxkfJ5TQjwMW","is_local":false},{"artists":[{"external_urls":{"spotify":"https://open.spotify.com/artist/70B80Lwx2sxti0M1Ng9e8K"},"href":"https://api.spotify.com/v1/artists/70B80Lwx2sxti0M1Ng9e8K","id":"70B80Lwx2sxti0M1Ng9e8K","name":"Udit Narayan","type":"artist","uri":"spotify:artist:70B80Lwx2sxti0M1Ng9e8K"}],"available_markets":["AR","AU","AT","BE","BO","BR","BG","CA","CL","CO","CR","CY","CZ","DK","DO","DE","EC","EE","SV","FI","FR","GR","GT","HN","HK","HU","IS","IE","IT","LV","LT","LU","MY","MT","MX","NL","NZ","NI","NO","PA","PY","PE","PH","PL","PT","SG","SK","ES","SE","CH","TW","TR","UY","US","GB","ID","JP","TH","VN","RO","IL","ZA","SA","AE","BH","QA","OM","KW","EG","MA","DZ","TN","LB","JO","PS","IN","UA","AL","BA","HR","ME","MK","RS","SI","KR","LK","GH","KE","NG","TZ","UG","BW","BF","CV","CW","GM","GW","LS","LR","MW","ML","NA","NE","ST","SN","SC","SL","TT","BI","KH","CM","TD","KM","GQ","SZ","GA","GN","MR","RW","TG","ZW","BJ","MG","MU","MZ","AO","CI","DJ","ZM","CD","CG","IQ","LY","VE","ET","XK"],"disc_number":1,"duration_ms":525456,"explicit":false,"external_urls":{"spotify":"https://open.spotify.com/track/2TFfaxpEpPdncdUOBIJVHi"},"href":"https://api.spotify.com/v1/tracks/2TFfaxpEpPdncdUOBIJVHi","id":"2TFfaxpEpPdncdUOBIJVHi","name":"Hawaon Ne Yeh Kaha - From \"Aap Mujhe Achche Lagne Lage\"","preview_url":null,"track_number":2,"type":"track","uri":"spotify:track:2TFfaxpEpPdncdUOBIJVHi","is_local":false},{"artists":[{"external_urls":{"spotify":"https://open.spotify.com/artist/70B80Lwx2sxti0M1Ng9e8K"},"href":"https://api.spotify.com/v1/artists/70B80Lwx2sxti0M1Ng9e8K","id":"70B80Lwx2sxti0M1Ng9e8K","name":"Udit Narayan","type":"artist","uri":"spotify:artist:70B80Lwx2sxti0M1Ng9e8K"},{"external_urls":{"spotify":"https://open.spotify.com/artist/2wVpsY4Geh7l1YugsakLF2"},"href":"https://api.spotify.com/v1/artists/2wVpsY4Geh7l1YugsakLF2","id":"2wVpsY4Geh7l1YugsakLF2","name":"Sulakshana Pandit","type":"artist","uri":"spotify:artist:2wVpsY4Geh7l1YugsakLF2"}],"available_markets":["AR","AU","AT","BE","BO","BR","BG","CA","CL","CO","CR","CY","CZ","DK","DO","DE","EC","EE","SV","FI","FR","GR","GT","HN","HK","HU","IS","IE","IT","LV","LT","LU","MY","MT","MX","NL","NZ","NI","NO","PA","PY","PE","PH","PL","PT","SG","SK","ES","SE","CH","TW","TR","UY","US","GB","ID","JP","TH","VN","RO","IL","ZA","SA","AE","BH","QA","OM","KW","EG","MA","DZ","TN","LB","JO","PS","IN","UA","AL","BA","HR","ME","MK","RS","SI","KR","LK","GH","KE","NG","TZ","UG","BW","BF","CV","CW","GM","GW","LS","LR","MW","ML","NA","NE","ST","SN","SC","SL","TT","BI","KH","CM","TD","KM","GQ","SZ","GA","GN","MR","RW","TG","ZW","BJ","MG","MU","MZ","AO","CI","DJ","ZM","CD","CG","IQ","LY","VE","ET","XK"],"disc_number":1,"duration_ms":359933,"explicit":false,"external_urls":{"spotify":"https://open.spotify.com/track/20t41au7yINGkw7AFLlnkL"},"href":"https://api.spotify.com/v1/tracks/20t41au7yINGkw7AFLlnkL","id":"20t41au7yINGkw7AFLlnkL","name":"Saagar Kinare Do Dil Hai Pyase - From \"Khamoshi - The Musical\"","preview_url":null,"track_number":3,"type":"track","uri":"spotify:track:20t41au7yINGkw7AFLlnkL","is_local":false},{"artists":[{"external_urls":{"spotify":"https://open.spotify.com/artist/70B80Lwx2sxti0M1Ng9e8K"},"href":"https://api.spotify.com/v1/artists/70B80Lwx2sxti0M1Ng9e8K","id":"70B80Lwx2sxti0M1Ng9e8K","name":"Udit Narayan","type":"artist","uri":"spotify:artist:70B80Lwx2sxti0M1Ng9e8K"},{"external_urls":{"spotify":"https://open.spotify.com/artist/4Hbdz7LNnEHpAD9MwvxCdV"},"href":"https://api.spotify.com/v1/artists/4Hbdz7LNnEHpAD9MwvxCdV","id":"4Hbdz7LNnEHpAD9MwvxCdV","name":"Saswati Phukan","type":"artist","uri":"spotify:artist:4Hbdz7LNnEHpAD9MwvxCdV"}],"available_markets":["AR","AU","AT","BE","BO","BR","BG","CA","CL","CO","CR","CY","CZ","DK","DO","DE","EC","EE","SV","FI","FR","GR","GT","HN","HK","HU","IS","IE","IT","LV","LT","LU","MY","MT","MX","NL","NZ","NI","NO","PA","PY","PE","PH","PL","PT","SG","SK","ES","SE","CH","TW","TR","UY","US","GB","ID","JP","TH","VN","RO","IL","ZA","SA","AE","BH","QA","OM","KW","EG","MA","DZ","TN","LB","JO","PS","IN","UA","AL","BA","HR","ME","MK","RS","SI","KR","LK","GH","KE","NG","TZ","UG","BW","BF","CV","CW","GM","GW","LS","LR","MW","ML","NA","NE","ST","SN","SC","SL","TT","BI","KH","CM","TD","KM","GQ","SZ","GA","GN","MR","RW","TG","ZW","BJ","MG","MU","MZ","AO","CI","DJ","ZM","CD","CG","IQ","LY","VE","ET","XK"],"disc_number":1,"duration_ms":333145,"explicit":false,"external_urls":{"spotify":"https://open.spotify.com/track/5fBnvyI0PB9qKovwugS5fO"},"href":"https://api.spotify.com/v1/tracks/5fBnvyI0PB9qKovwugS5fO","id":"5fBnvyI0PB9qKovwugS5fO","name":"Ek Ladki Bas Gayee - From \"Jaal - The Trap\"","preview_url":null,"track_number":4,"type":"track","uri":"spotify:track:5fBnvyI0PB9qKovwugS5fO","is_local":false},{"artists":[{"external_urls":{"spotify":"https://open.spotify.com/artist/6WPmTGeeoymoVlXVtsCwz7"},"href":"https://api.spotify.com/v1/artists/6WPmTGeeoymoVlXVtsCwz7","id":"6WPmTGeeoymoVlXVtsCwz7","name":"Kavita Krishnamurthy","type":"artist","uri":"spotify:artist:6WPmTGeeoymoVlXVtsCwz7"},{"external_urls":{"spotify":"https://open.spotify.com/artist/70B80Lwx2sxti0M1Ng9e8K"},"href":"https://api.spotify.com/v1/artists/70B80Lwx2sxti0M1Ng9e8K","id":"70B80Lwx2sxti0M1Ng9e8K","name":"Udit Narayan","type":"artist","uri":"spotify:artist:70B80Lwx2sxti0M1Ng9e8K"}],"available_markets":["AR","AU","AT","BE","BO","BR","BG","CA","CL","CO","CR","CY","CZ","DK","DO","DE","EC","EE","SV","FI","FR","GR","GT","HN","HK","HU","IS","IE","IT","LV","LT","LU","MY","MT","MX","NL","NZ","NI","NO","PA","PY","PE","PH","PL","PT","SG","SK","ES","SE","CH","TW","TR","UY","US","GB","ID","JP","TH","VN","RO","IL","ZA","SA","AE","BH","QA","OM","KW","EG","MA","DZ","TN","LB","JO","PS","IN","UA","AL","BA","HR","ME","MK","RS","SI","KR","LK","GH","KE","NG","TZ","UG","BW","BF","CV","CW","GM","GW","LS","LR","MW","ML","NA","NE","ST","SN","SC","SL","TT","BI","KH","CM","TD","KM","GQ","SZ","GA","GN","MR","RW","TG","ZW","BJ","MG","MU","MZ","AO","CI","DJ","ZM","CD","CG","IQ","LY","VE","ET","XK"],"disc_number":1,"duration_ms":362293,"explicit":false,"external_urls":{"spotify":"https://open.spotify.com/track/3j3b1xaOJEbw1JqSLNuUGJ"},"href":"https://api.spotify.com/v1/tracks/3j3b1xaOJEbw1JqSLNuUGJ","id":"3j3b1xaOJEbw1JqSLNuUGJ","name":"Hamesha Tumko Chaha - From \"Devdas\"","preview_url":null,"track_number":5,"type":"track","uri":"spotify:track:3j3b1xaOJEbw1JqSLNuUGJ","is_local":false},{"artists":[{"external_urls":{"spotify":"https://open.spotify.com/artist/70B80Lwx2sxti0M1Ng9e8K"},"href":"https://api.spotify.com/v1/artists/70B80Lwx2sxti0M1Ng9e8K","id":"70B80Lwx2sxti0M1Ng9e8K","name":"Udit Narayan","type":"artist","uri":"spotify:artist:70B80Lwx2sxti0M1Ng9e8K"},{"external_urls":{"spotify":"https://open.spotify.com/artist/3gBKY0y3dFFVRqicLnVZYz"},"href":"https://api.spotify.com/v1/artists/3gBKY0y3dFFVRqicLnVZYz","id":"3gBKY0y3dFFVRqicLnVZYz","name":"Alka Yagnik","type":"artist","uri":"spotify:artist:3gBKY0y3dFFVRqicLnVZYz"}],"available_markets":["AR","AU","AT","BE","BO","BR","BG","CA","CL","CO","CR","CY","CZ","DK","DO","DE","EC","EE","SV","FI","FR","GR","GT","HN","HK","HU","IS","IE","IT","LV","LT","LU","MY","MT","MX","NL","NZ","NI","NO","PA","PY","PE","PH","PL","PT","SG","SK","ES","SE","CH","TW","TR","UY","US","GB","ID","JP","TH","VN","RO","IL","ZA","SA","AE","BH","QA","OM","KW","EG","MA","DZ","TN","LB","JO","PS","IN","UA","AL","BA","HR","ME","MK","RS","SI","KR","LK","GH","KE","NG","TZ","UG","BW","BF","CV","CW","GM","GW","LS","LR","MW","ML","NA","NE","ST","SN","SC","SL","TT","BI","KH","CM","TD","KM","GQ","SZ","GA","GN","MR","RW","TG","ZW","BJ","MG","MU","MZ","AO","CI","DJ","ZM","CD","CG","IQ","LY","VE","ET","XK"],"disc_number":1,"duration_ms":269458,"explicit":false,"external_urls":{"spotify":"https://open.spotify.com/track/7x1cbTng0It7Knylo6A0Po"},"href":"https://api.spotify.com/v1/tracks/7x1cbTng0It7Knylo6A0Po","id":"7x1cbTng0It7Knylo6A0Po","name":"Rab Di Kasam - From \"Indian\"","preview_url":null,"track_number":6,"type":"track","uri":"spotify:track:7x1cbTng0It7Knylo6A0Po","is_local":false},{"artists":[{"external_urls":{"spotify":"https://open.spotify.com/artist/70B80Lwx2sxti0M1Ng9e8K"},"href":"https://api.spotify.com/v1/artists/70B80Lwx2sxti0M1Ng9e8K","id":"70B80Lwx2sxti0M1Ng9e8K","name":"Udit Narayan","type":"artist","uri":"spotify:artist:70B80Lwx2sxti0M1Ng9e8K"},{"external_urls":{"spotify":"https://open.spotify.com/artist/3eDT9fwXKuHWFvgZaaYC5v"},"href":"https://api.spotify.com/v1/artists/3eDT9fwXKuHWFvgZaaYC5v","id":"3eDT9fwXKuHWFvgZaaYC5v","name":"Sunidhi Chauhan","type":"artist","uri":"spotify:artist:3eDT9fwXKuHWFvgZaaYC5v"}],"available_markets":["AR","AU","AT","BE","BO","BR","BG","CA","CL","CO","CR","CY","CZ","DK","DO","DE","EC","EE","SV","FI","FR","GR","GT","HN","HK","HU","IS","IE","IT","LV","LT","LU","MY","MT","MX","NL","NZ","NI","NO","PA","PY","PE","PH","PL","PT","SG","SK","ES","SE","CH","TW","TR","UY","US","GB","ID","JP","TH","VN","RO","IL","ZA","SA","AE","BH","QA","OM","KW","EG","MA","DZ","TN","LB","JO","PS","IN","UA","AL","BA","HR","ME","MK","RS","SI","KR","LK","GH","KE","NG","TZ","UG","BW","BF","CV","CW","GM","GW","LS","LR","MW","ML","NA","NE","ST","SN","SC","SL","TT","BI","KH","CM","TD","KM","GQ","SZ","GA","GN","MR","RW","TG","ZW","BJ","MG","MU","MZ","AO","CI","DJ","ZM","CD","CG","IQ","LY","VE","ET","XK"],"disc_number":1,"duration_ms":251489,"explicit":false,"external_urls":{"spotify":"https://open.spotify.com/track/2mmvJ14ekizuPlPief97fg"},"href":"https://api.spotify.com/v1/tracks/2mmvJ14ekizuPlPief97fg","id":"2mmvJ14ekizuPlPief97fg","name":"Kehta Hai Mera Jiya - From \"Raja Bhaiya\"","preview_url":null,"track_number":7,"type":"track","uri":"spotify:track:2mmvJ14ekizuPlPief97fg","is_local":false},{"artists":[{"external_urls":{"spotify":"https://open.spotify.com/artist/70B80Lwx2sxti0M1Ng9e8K"},"href":"https://api.spotify.com/v1/artists/70B80Lwx2sxti0M1Ng9e8K","id":"70B80Lwx2sxti0M1Ng9e8K","name":"Udit Narayan","type":"artist","uri":"spotify:artist:70B80Lwx2sxti0M1Ng9e8K"}],"available_markets":["AR","AU","AT","BE","BO","BR","BG","CA","CL","CO","CR","CY","CZ","DK","DO","DE","EC","EE","SV","FI","FR","GR","GT","HN","HK","HU","IS","IE","IT","LV","LT","LU","MY","MT","MX","NL","NZ","NI","NO","PA","PY","PE","PH","PL","PT","SG","SK","ES","SE","CH","TW","TR","UY","US","GB","ID","JP","TH","VN","RO","IL","ZA","SA","AE","BH","QA","OM","KW","EG","MA","DZ","TN","LB","JO","PS","IN","UA","AL","BA","HR","ME","MK","RS","SI","KR","LK","GH","KE","NG","TZ","UG","BW","BF","CV","CW","GM","GW","LS","LR","MW","ML","NA","NE","ST","SN","SC","SL","TT","BI","KH","CM","TD","KM","GQ","SZ","GA","GN","MR","RW","TG","ZW","BJ","MG","MU","MZ","AO","CI","DJ","ZM","CD","CG","IQ","LY","VE","ET","XK"],"disc_number":1,"duration_ms":207990,"explicit":false,"external_urls":{"spotify":"https://open.spotify.com/track/2WuT14mASEIALLLDJyTvuX"},"href":"https://api.spotify.com/v1/tracks/2WuT14mASEIALLLDJyTvuX","id":"2WuT14mASEIALLLDJyTvuX","name":"Zindagi Hai Masti - From \"Aisa Kyon\"","preview_url":null,"track_number":8,"type":"track","uri":"spotify:track:2WuT14mASEIALLLDJyTvuX","is_local":false},{"artists":[{"external_urls":{"spotify":"https://open.spotify.com/artist/70B80Lwx2sxti0M1Ng9e8K"},"href":"https://api.spotify.com/v1/artists/70B80Lwx2sxti0M1Ng9e8K","id":"70B80Lwx2sxti0M1Ng9e8K","name":"Udit Narayan","type":"artist","uri":"spotify:artist:70B80Lwx2sxti0M1Ng9e8K"},{"external_urls":{"spotify":"https://open.spotify.com/artist/6WPmTGeeoymoVlXVtsCwz7"},"href":"https://api.spotify.com/v1/artists/6WPmTGeeoymoVlXVtsCwz7","id":"6WPmTGeeoymoVlXVtsCwz7","name":"Kavita Krishnamurthy","type":"artist","uri":"spotify:artist:6WPmTGeeoymoVlXVtsCwz7"}],"available_markets":["AR","AU","AT","BE","BO","BR","BG","CA","CL","CO","CR","CY","CZ","DK","DO","DE","EC","EE","SV","FI","FR","GR","GT","HN","HK","HU","IS","IE","IT","LV","LT","LU","MY","MT","MX","NL","NZ","NI","NO","PA","PY","PE","PH","PL","PT","SG","SK","ES","SE","CH","TW","TR","UY","US","GB","ID","JP","TH","VN","RO","IL","ZA","SA","AE","BH","QA","OM","KW","EG","MA","DZ","TN","LB","JO","PS","IN","UA","AL","BA","HR","ME","MK","RS","SI","KR","LK","GH","KE","NG","TZ","UG","BW","BF","CV","CW","GM","GW","LS","LR","MW","ML","NA","NE","ST","SN","SC","SL","TT","BI","KH","CM","TD","KM","GQ","SZ","GA","GN","MR","RW","TG","ZW","BJ","MG","MU","MZ","AO","CI","DJ","ZM","CD","CG","IQ","LY","VE","ET","XK"],"disc_number":1,"duration_ms":353125,"explicit":false,"external_urls":{"spotify":"https://open.spotify.com/track/7GZCjBqyLMSXWo9BusrLMs"},"href":"https://api.spotify.com/v1/tracks/7GZCjBqyLMSXWo9BusrLMs","id":"7GZCjBqyLMSXWo9BusrLMs","name":"Kitne Door Kitne Paas - From \"Kitne Door Kitne Paas\"","preview_url":null,"track_number":9,"type":"track","uri":"spotify:track:7GZCjBqyLMSXWo9BusrLMs","is_local":false},{"artists":[{"external_urls":{"spotify":"https://open.spotify.com/artist/70B80Lwx2sxti0M1Ng9e8K"},"href":"https://api.spotify.com/v1/artists/70B80Lwx2sxti0M1Ng9e8K","id":"70B80Lwx2sxti0M1Ng9e8K","name":"Udit Narayan","type":"artist","uri":"spotify:artist:70B80Lwx2sxti0M1Ng9e8K"},{"external_urls":{"spotify":"https://open.spotify.com/artist/5as8A4G47Ohu9NSWs3Je8U"},"href":"https://api.spotify.com/v1/artists/5as8A4G47Ohu9NSWs3Je8U","id":"5as8A4G47Ohu9NSWs3Je8U","name":"Asha Bhosle","type":"artist","uri":"spotify:artist:5as8A4G47Ohu9NSWs3Je8U"}],"available_markets":["AR","AU","AT","BE","BO","BR","BG","CA","CL","CO","CR","CY","CZ","DK","DO","DE","EC","EE","SV","FI","FR","GR","GT","HN","HK","HU","IS","IE","IT","LV","LT","LU","MY","MT","MX","NL","NZ","NI","NO","PA","PY","PE","PH","PL","PT","SG","SK","ES","SE","CH","TW","TR","UY","US","GB","ID","JP","TH","VN","RO","IL","ZA","SA","AE","BH","QA","OM","KW","EG","MA","DZ","TN","LB","JO","PS","IN","UA","AL","BA","HR","ME","MK","RS","SI","KR","LK","GH","KE","NG","TZ","UG","BW","BF","CV","CW","GM","GW","LS","LR","MW","ML","NA","NE","ST","SN","SC","SL","TT","BI","KH","CM","TD","KM","GQ","SZ","GA","GN","MR","RW","TG","ZW","BJ","MG","MU","MZ","AO","CI","DJ","ZM","CD","CG","IQ","LY","VE","ET","XK"],"disc_number":1,"duration_ms":332680,"explicit":false,"external_urls":{"spotify":"https://open.spotify.com/track/2JwUgq2SnZN2IuSUyDEuya"},"href":"https://api.spotify.com/v1/tracks/2JwUgq2SnZN2IuSUyDEuya","id":"2JwUgq2SnZN2IuSUyDEuya","name":"Ek Ladke Pe Aa Gaya Hai - Inth Ka Jawab Patthar / Soundtrack Version","preview_url":null,"track_number":10,"type":"track","uri":"spotify:track:2JwUgq2SnZN2IuSUyDEuya","is_local":false},{"artists":[{"external_urls":{"spotify":"https://open.spotify.com/artist/70B80Lwx2sxti0M1Ng9e8K"},"href":"https://api.spotify.com/v1/artists/70B80Lwx2sxti0M1Ng9e8K","id":"70B80Lwx2sxti0M1Ng9e8K","name":"Udit Narayan","type":"artist","uri":"spotify:artist:70B80Lwx2sxti0M1Ng9e8K"}],"available_markets":["AR","AU","AT","BE","BO","BR","BG","CA","CL","CO","CR","CY","CZ","DK","DO","DE","EC","EE","SV","FI","FR","GR","GT","HN","HK","HU","IS","IE","IT","LV","LT","LU","MY","MT","MX","NL","NZ","NI","NO","PA","PY","PE","PH","PL","PT","SG","SK","ES","SE","CH","TW","TR","UY","US","GB","ID","JP","TH","VN","RO","IL","ZA","SA","AE","BH","QA","OM","KW","EG","MA","DZ","TN","LB","JO","PS","IN","UA","AL","BA","HR","ME","MK","RS","SI","KR","LK","GH","KE","NG","TZ","UG","BW","BF","CV","CW","GM","GW","LS","LR","MW","ML","NA","NE","ST","SN","SC","SL","TT","BI","KH","CM","TD","KM","GQ","SZ","GA","GN","MR","RW","TG","ZW","BJ","MG","MU","MZ","AO","CI","DJ","ZM","CD","CG","IQ","LY","VE","ET","XK"],"disc_number":1,"duration_ms":313560,"explicit":false,"external_urls":{"spotify":"https://open.spotify.com/track/5EX1m8zlWxZa3zSh1VgmFi"},"href":"https://api.spotify.com/v1/tracks/5EX1m8zlWxZa3zSh1VgmFi","id":"5EX1m8zlWxZa3zSh1VgmFi","name":"Jana Suno Hum Tumpe Marte Hai - From \"Khamoshi - The Musical\"","preview_url":null,"track_number":11,"type":"track","uri":"spotify:track:5EX1m8zlWxZa3zSh1VgmFi","is_local":false},{"artists":[{"external_urls":{"spotify":"https://open.spotify.com/artist/70B80Lwx2sxti0M1Ng9e8K"},"href":"https://api.spotify.com/v1/artists/70B80Lwx2sxti0M1Ng9e8K","id":"70B80Lwx2sxti0M1Ng9e8K","name":"Udit Narayan","type":"artist","uri":"spotify:artist:70B80Lwx2sxti0M1Ng9e8K"},{"external_urls":{"spotify":"https://open.spotify.com/artist/6lpXKoHUzxZc5PwyS6cu4C"},"href":"https://api.spotify.com/v1/artists/6lpXKoHUzxZc5PwyS6cu4C","id":"6lpXKoHUzxZc5PwyS6cu4C","name":"Poornima","type":"artist","uri":"spotify:artist:6lpXKoHUzxZc5PwyS6cu4C"}],"available_markets":["AR","AU","AT","BE","BO","BR","BG","CA","CL","CO","CR","CY","CZ","DK","DO","DE","EC","EE","SV","FI","FR","GR","GT","HN","HK","HU","IS","IE","IT","LV","LT","LU","MY","MT","MX","NL","NZ","NI","NO","PA","PY","PE","PH","PL","PT","SG","SK","ES","SE","CH","TW","TR","UY","US","GB","ID","JP","TH","VN","RO","IL","ZA","SA","AE","BH","QA","OM","KW","EG","MA","DZ","TN","LB","JO","PS","IN","UA","AL","BA","HR","ME","MK","RS","SI","KR","LK","GH","KE","NG","TZ","UG","BW","BF","CV","CW","GM","GW","LS","LR","MW","ML","NA","NE","ST","SN","SC","SL","TT","BI","KH","CM","TD","KM","GQ","SZ","GA","GN","MR","RW","TG","ZW","BJ","MG","MU","MZ","AO","CI","DJ","ZM","CD","CG","IQ","LY","VE","ET","XK"],"disc_number":1,"duration_ms":302733,"explicit":false,"external_urls":{"spotify":"https://open.spotify.com/track/2quZfLH6GWTn5PJRAULoAb"},"href":"https://api.spotify.com/v1/tracks/2quZfLH6GWTn5PJRAULoAb","id":"2quZfLH6GWTn5PJRAULoAb","name":"Sone Jaisa Roop Hai - Deewana Hoon Pagal Nahin / Soundtrack Version","preview_url":null,"track_number":12,"type":"track","uri":"spotify:track:2quZfLH6GWTn5PJRAULoAb","is_local":false},{"artists":[{"external_urls":{"spotify":"https://open.spotify.com/artist/70B80Lwx2sxti0M1Ng9e8K"},"href":"https://api.spotify.com/v1/artists/70B80Lwx2sxti0M1Ng9e8K","id":"70B80Lwx2sxti0M1Ng9e8K","name":"Udit Narayan","type":"artist","uri":"spotify:artist:70B80Lwx2sxti0M1Ng9e8K"},{"external_urls":{"spotify":"https://open.spotify.com/artist/7guD32ltIhsA1tHdf7IVe0"},"href":"https://api.spotify.com/v1/artists/7guD32ltIhsA1tHdf7IVe0","id":"7guD32ltIhsA1tHdf7IVe0","name":"Babul Supriyo","type":"artist","uri":"spotify:artist:7guD32ltIhsA1tHdf7IVe0"},{"external_urls":{"spotify":"https://open.spotify.com/artist/3eDT9fwXKuHWFvgZaaYC5v"},"href":"https://api.spotify.com/v1/artists/3eDT9fwXKuHWFvgZaaYC5v","id":"3eDT9fwXKuHWFvgZaaYC5v","name":"Sunidhi Chauhan","type":"artist","uri":"spotify:artist:3eDT9fwXKuHWFvgZaaYC5v"}],"available_markets":["AR","AU","AT","BE","BO","BR","BG","CA","CL","CO","CR","CY","CZ","DK","DO","DE","EC","EE","SV","FI","FR","GR","GT","HN","HK","HU","IS","IE","IT","LV","LT","LU","MY","MT","MX","NL","NZ","NI","NO","PA","PY","PE","PH","PL","PT","SG","SK","ES","SE","CH","TW","TR","UY","US","GB","ID","JP","TH","VN","RO","IL","ZA","SA","AE","BH","QA","OM","KW","EG","MA","DZ","TN","LB","JO","PS","IN","UA","AL","BA","HR","ME","MK","RS","SI","KR","LK","GH","KE","NG","TZ","UG","BW","BF","CV","CW","GM","GW","LS","LR","MW","ML","NA","NE","ST","SN","SC","SL","TT","BI","KH","CM","TD","KM","GQ","SZ","GA","GN","MR","RW","TG","ZW","BJ","MG","MU","MZ","AO","CI","DJ","ZM","CD","CG","IQ","LY","VE","ET","XK"],"disc_number":1,"duration_ms":282431,"explicit":false,"external_urls":{"spotify":"https://open.spotify.com/track/70FGySA81QaCzP465O3uQj"},"href":"https://api.spotify.com/v1/tracks/70FGySA81QaCzP465O3uQj","id":"70FGySA81QaCzP465O3uQj","name":"Style Nasha Tera - From \"Aamdani Atthanni Kharcha Rupaiya\"","preview_url":null,"track_number":13,"type":"track","uri":"spotify:track:70FGySA81QaCzP465O3uQj","is_local":false},{"artists":[{"external_urls":{"spotify":"https://open.spotify.com/artist/70B80Lwx2sxti0M1Ng9e8K"},"href":"https://api.spotify.com/v1/artists/70B80Lwx2sxti0M1Ng9e8K","id":"70B80Lwx2sxti0M1Ng9e8K","name":"Udit Narayan","type":"artist","uri":"spotify:artist:70B80Lwx2sxti0M1Ng9e8K"}],"available_markets":["AR","AU","AT","BE","BO","BR","BG","CA","CL","CO","CR","CY","CZ","DK","DO","DE","EC","EE","SV","FI","FR","GR","GT","HN","HK","HU","IS","IE","IT","LV","LT","LU","MY","MT","MX","NL","NZ","NI","NO","PA","PY","PE","PH","PL","PT","SG","SK","ES","SE","CH","TW","TR","UY","US","GB","ID","JP","TH","VN","RO","IL","ZA","SA","AE","BH","QA","OM","KW","EG","MA","DZ","TN","LB","JO","PS","IN","UA","AL","BA","HR","ME","MK","RS","SI","KR","LK","GH","KE","NG","TZ","UG","BW","BF","CV","CW","GM","GW","LS","LR","MW","ML","NA","NE","ST","SN","SC","SL","TT","BI","KH","CM","TD","KM","GQ","SZ","GA","GN","MR","RW","TG","ZW","BJ","MG","MU","MZ","AO","CI","DJ","ZM","CD","CG","IQ","LY","VE","ET","XK"],"disc_number":1,"duration_ms":230121,"explicit":false,"external_urls":{"spotify":"https://open.spotify.com/track/2iovhDixLek9Y4YNxbvk0X"},"href":"https://api.spotify.com/v1/tracks/2iovhDixLek9Y4YNxbvk0X","id":"2iovhDixLek9Y4YNxbvk0X","name":"Aisa Kyon - From \"Aisa Kyon\"","preview_url":null,"track_number":14,"type":"track","uri":"spotify:track:2iovhDixLek9Y4YNxbvk0X","is_local":false},{"artists":[{"external_urls":{"spotify":"https://open.spotify.com/artist/70B80Lwx2sxti0M1Ng9e8K"},"href":"https://api.spotify.com/v1/artists/70B80Lwx2sxti0M1Ng9e8K","id":"70B80Lwx2sxti0M1Ng9e8K","name":"Udit Narayan","type":"artist","uri":"spotify:artist:70B80Lwx2sxti0M1Ng9e8K"}],"available_markets":["AR","AU","AT","BE","BO","BR","BG","CA","CL","CO","CR","CY","CZ","DK","DO","DE","EC","EE","SV","FI","FR","GR","GT","HN","HK","HU","IS","IE","IT","LV","LT","LU","MY","MT","MX","NL","NZ","NI","NO","PA","PY","PE","PH","PL","PT","SG","SK","ES","SE","CH","TW","TR","UY","US","GB","ID","JP","TH","VN","RO","IL","ZA","SA","AE","BH","QA","OM","KW","EG","MA","DZ","TN","LB","JO","PS","IN","UA","AL","BA","HR","ME","MK","RS","SI","KR","LK","GH","KE","NG","TZ","UG","BW","BF","CV","CW","GM","GW","LS","LR","MW","ML","NA","NE","ST","SN","SC","SL","TT","BI","KH","CM","TD","KM","GQ","SZ","GA","GN","MR","RW","TG","ZW","BJ","MG","MU","MZ","AO","CI","DJ","ZM","CD","CG","IQ","LY","VE","ET","XK"],"disc_number":1,"duration_ms":411333,"explicit":false,"external_urls":{"spotify":"https://open.spotify.com/track/0EC3Rd0IJn346a9oH9nc51"},"href":"https://api.spotify.com/v1/tracks/0EC3Rd0IJn346a9oH9nc51","id":"0EC3Rd0IJn346a9oH9nc51","name":"Badhaai Ho Badhaai - Badhaai Ho Badhaai / Soundtrack Version","preview_url":null,"track_number":15,"type":"track","uri":"spotify:track:0EC3Rd0IJn346a9oH9nc51","is_local":false},{"artists":[{"external_urls":{"spotify":"https://open.spotify.com/artist/70B80Lwx2sxti0M1Ng9e8K"},"href":"https://api.spotify.com/v1/artists/70B80Lwx2sxti0M1Ng9e8K","id":"70B80Lwx2sxti0M1Ng9e8K","name":"Udit Narayan","type":"artist","uri":"spotify:artist:70B80Lwx2sxti0M1Ng9e8K"},{"external_urls":{"spotify":"https://open.spotify.com/artist/5cB4d4jPYjMT326sjihQ4m"},"href":"https://api.spotify.com/v1/artists/5cB4d4jPYjMT326sjihQ4m","id":"5cB4d4jPYjMT326sjihQ4m","name":"Shaan","type":"artist","uri":"spotify:artist:5cB4d4jPYjMT326sjihQ4m"},{"external_urls":{"spotify":"https://open.spotify.com/artist/4rnZuhwnklBG6MvcLIjEfd"},"href":"https://api.spotify.com/v1/artists/4rnZuhwnklBG6MvcLIjEfd","id":"4rnZuhwnklBG6MvcLIjEfd","name":"Johnny Lever","type":"artist","uri":"spotify:artist:4rnZuhwnklBG6MvcLIjEfd"}],"available_markets":["AR","AU","AT","BE","BO","BR","BG","CA","CL","CO","CR","CY","CZ","DK","DO","DE","EC","EE","SV","FI","FR","GR","GT","HN","HK","HU","IS","IE","IT","LV","LT","LU","MY","MT","MX","NL","NZ","NI","NO","PA","PY","PE","PH","PL","PT","SG","SK","ES","SE","CH","TW","TR","UY","US","GB","ID","JP","TH","VN","RO","IL","ZA","SA","AE","BH","QA","OM","KW","EG","MA","DZ","TN","LB","JO","PS","IN","UA","AL","BA","HR","ME","MK","RS","SI","KR","LK","GH","KE","NG","TZ","UG","BW","BF","CV","CW","GM","GW","LS","LR","MW","ML","NA","NE","ST","SN","SC","SL","TT","BI","KH","CM","TD","KM","GQ","SZ","GA","GN","MR","RW","TG","ZW","BJ","MG","MU","MZ","AO","CI","DJ","ZM","CD","CG","IQ","LY","VE","ET","XK"],"disc_number":1,"duration_ms":370786,"explicit":false,"external_urls":{"spotify":"https://open.spotify.com/track/17xcHcrKMLeNOZYr5J4C4r"},"href":"https://api.spotify.com/v1/tracks/17xcHcrKMLeNOZYr5J4C4r","id":"17xcHcrKMLeNOZYr5J4C4r","name":"Aamdani Atthanni - Aamdani Atthanni Kharcha Rupaiya / Soundtrack Version","preview_url":null,"track_number":16,"type":"track","uri":"spotify:track:17xcHcrKMLeNOZYr5J4C4r","is_local":false},{"artists":[{"external_urls":{"spotify":"https://open.spotify.com/artist/70B80Lwx2sxti0M1Ng9e8K"},"href":"https://api.spotify.com/v1/artists/70B80Lwx2sxti0M1Ng9e8K","id":"70B80Lwx2sxti0M1Ng9e8K","name":"Udit Narayan","type":"artist","uri":"spotify:artist:70B80Lwx2sxti0M1Ng9e8K"},{"external_urls":{"spotify":"https://open.spotify.com/artist/3gBKY0y3dFFVRqicLnVZYz"},"href":"https://api.spotify.com/v1/artists/3gBKY0y3dFFVRqicLnVZYz","id":"3gBKY0y3dFFVRqicLnVZYz","name":"Alka Yagnik","type":"artist","uri":"spotify:artist:3gBKY0y3dFFVRqicLnVZYz"}],"available_markets":["AR","AU","AT","BE","BO","BR","BG","CA","CL","CO","CR","CY","CZ","DK","DO","DE","EC","EE","SV","FI","FR","GR","GT","HN","HK","HU","IS","IE","IT","LV","LT","LU","MY","MT","MX","NL","NZ","NI","NO","PA","PY","PE","PH","PL","PT","SG","SK","ES","SE","CH","TW","TR","UY","US","GB","ID","JP","TH","VN","RO","IL","ZA","SA","AE","BH","QA","OM","KW","EG","MA","DZ","TN","LB","JO","PS","IN","UA","AL","BA","HR","ME","MK","RS","SI","KR","LK","GH","KE","NG","TZ","UG","BW","BF","CV","CW","GM","GW","LS","LR","MW","ML","NA","NE","ST","SN","SC","SL","TT","BI","KH","CM","TD","KM","GQ","SZ","GA","GN","MR","RW","TG","ZW","BJ","MG","MU","MZ","AO","CI","DJ","ZM","CD","CG","IQ","LY","VE","ET","XK"],"disc_number":1,"duration_ms":327942,"explicit":false,"external_urls":{"spotify":"https://open.spotify.com/track/2V93YwAihWFPi9Qa1qArFa"},"href":"https://api.spotify.com/v1/tracks/2V93YwAihWFPi9Qa1qArFa","id":"2V93YwAihWFPi9Qa1qArFa","name":"Chudi Khankayi Re - From \"Yeh Hai Jalwa\"","preview_url":null,"track_number":17,"type":"track","uri":"spotify:track:2V93YwAihWFPi9Qa1qArFa","is_local":false},{"artists":[{"external_urls":{"spotify":"https://open.spotify.com/artist/70B80Lwx2sxti0M1Ng9e8K"},"href":"https://api.spotify.com/v1/artists/70B80Lwx2sxti0M1Ng9e8K","id":"70B80Lwx2sxti0M1Ng9e8K","name":"Udit Narayan","type":"artist","uri":"spotify:artist:70B80Lwx2sxti0M1Ng9e8K"},{"external_urls":{"spotify":"https://open.spotify.com/artist/3gBKY0y3dFFVRqicLnVZYz"},"href":"https://api.spotify.com/v1/artists/3gBKY0y3dFFVRqicLnVZYz","id":"3gBKY0y3dFFVRqicLnVZYz","name":"Alka Yagnik","type":"artist","uri":"spotify:artist:3gBKY0y3dFFVRqicLnVZYz"}],"available_markets":["AR","AU","AT","BE","BO","BR","BG","CA","CL","CO","CR","CY","CZ","DK","DO","DE","EC","EE","SV","FI","FR","GR","GT","HN","HK","HU","IS","IE","IT","LV","LT","LU","MY","MT","MX","NL","NZ","NI","NO","PA","PY","PE","PH","PL","PT","SG","SK","ES","SE","CH","TW","TR","UY","US","GB","ID","JP","TH","VN","RO","IL","ZA","SA","AE","BH","QA","OM","KW","EG","MA","DZ","TN","LB","JO","PS","IN","UA","AL","BA","HR","ME","MK","RS","SI","KR","LK","GH","KE","NG","TZ","UG","BW","BF","CV","CW","GM","GW","LS","LR","MW","ML","NA","NE","ST","SN","SC","SL","TT","BI","KH","CM","TD","KM","GQ","SZ","GA","GN","MR","RW","TG","ZW","BJ","MG","MU","MZ","AO","CI","DJ","ZM","CD","CG","IQ","LY","VE","ET","XK"],"disc_number":1,"duration_ms":268972,"explicit":false,"external_urls":{"spotify":"https://open.spotify.com/track/3V3BTu3sF872XCLhRfFYWa"},"href":"https://api.spotify.com/v1/tracks/3V3BTu3sF872XCLhRfFYWa","id":"3V3BTu3sF872XCLhRfFYWa","name":"Mujhe Teri Nazarne - Waah..! Tera Kya Kehna / OST","preview_url":null,"track_number":18,"type":"track","uri":"spotify:track:3V3BTu3sF872XCLhRfFYWa","is_local":false},{"artists":[{"external_urls":{"spotify":"https://open.spotify.com/artist/70B80Lwx2sxti0M1Ng9e8K"},"href":"https://api.spotify.com/v1/artists/70B80Lwx2sxti0M1Ng9e8K","id":"70B80Lwx2sxti0M1Ng9e8K","name":"Udit Narayan","type":"artist","uri":"spotify:artist:70B80Lwx2sxti0M1Ng9e8K"},{"external_urls":{"spotify":"https://open.spotify.com/artist/0Yb0T3wUUNiIvHjqnfkbuH"},"href":"https://api.spotify.com/v1/artists/0Yb0T3wUUNiIvHjqnfkbuH","id":"0Yb0T3wUUNiIvHjqnfkbuH","name":"Mahalakshmi Iyer","type":"artist","uri":"spotify:artist:0Yb0T3wUUNiIvHjqnfkbuH"}],"available_markets":["AR","AU","AT","BE","BO","BR","BG","CA","CL","CO","CR","CY","CZ","DK","DO","DE","EC","EE","SV","FI","FR","GR","GT","HN","HK","HU","IS","IE","IT","LV","LT","LU","MY","MT","MX","NL","NZ","NI","NO","PA","PY","PE","PH","PL","PT","SG","SK","ES","SE","CH","TW","TR","UY","US","GB","ID","JP","TH","VN","RO","IL","ZA","SA","AE","BH","QA","OM","KW","EG","MA","DZ","TN","LB","JO","PS","IN","UA","AL","BA","HR","ME","MK","RS","SI","KR","LK","GH","KE","NG","TZ","UG","BW","BF","CV","CW","GM","GW","LS","LR","MW","ML","NA","NE","ST","SN","SC","SL","TT","BI","KH","CM","TD","KM","GQ","SZ","GA","GN","MR","RW","TG","ZW","BJ","MG","MU","MZ","AO","CI","DJ","ZM","CD","CG","IQ","LY","VE","ET","XK"],"disc_number":1,"duration_ms":260733,"explicit":false,"external_urls":{"spotify":"https://open.spotify.com/track/5eCnr6stwrH5jCxnkplnCI"},"href":"https://api.spotify.com/v1/tracks/5eCnr6stwrH5jCxnkplnCI","id":"5eCnr6stwrH5jCxnkplnCI","name":"Tum Kaho To - Shaadi Ka Laddoo / Soundtrack Version","preview_url":null,"track_number":19,"type":"track","uri":"spotify:track:5eCnr6stwrH5jCxnkplnCI","is_local":false},{"artists":[{"external_urls":{"spotify":"https://open.spotify.com/artist/70B80Lwx2sxti0M1Ng9e8K"},"href":"https://api.spotify.com/v1/artists/70B80Lwx2sxti0M1Ng9e8K","id":"70B80Lwx2sxti0M1Ng9e8K","name":"Udit Narayan","type":"artist","uri":"spotify:artist:70B80Lwx2sxti0M1Ng9e8K"},{"external_urls":{"spotify":"https://open.spotify.com/artist/5as8A4G47Ohu9NSWs3Je8U"},"href":"https://api.spotify.com/v1/artists/5as8A4G47Ohu9NSWs3Je8U","id":"5as8A4G47Ohu9NSWs3Je8U","name":"Asha Bhosle","type":"artist","uri":"spotify:artist:5as8A4G47Ohu9NSWs3Je8U"}],"available_markets":["AR","AU","AT","BE","BO","BR","BG","CA","CL","CO","CR","CY","CZ","DK","DO","DE","EC","EE","SV","FI","FR","GR","GT","HN","HK","HU","IS","IE","IT","LV","LT","LU","MY","MT","MX","NL","NZ","NI","NO","PA","PY","PE","PH","PL","PT","SG","SK","ES","SE","CH","TW","TR","UY","US","GB","ID","JP","TH","VN","RO","IL","ZA","SA","AE","BH","QA","OM","KW","EG","MA","DZ","TN","LB","JO","PS","IN","UA","AL","BA","HR","ME","MK","RS","SI","KR","LK","GH","KE","NG","TZ","UG","BW","BF","CV","CW","GM","GW","LS","LR","MW","ML","NA","NE","ST","SN","SC","SL","TT","BI","KH","CM","TD","KM","GQ","SZ","GA","GN","MR","RW","TG","ZW","BJ","MG","MU","MZ","AO","CI","DJ","ZM","CD","CG","IQ","LY","VE","ET","XK"],"disc_number":1,"duration_ms":342920,"explicit":false,"external_urls":{"spotify":"https://open.spotify.com/track/7h5i8V9bfUdCZ412yzpUKY"},"href":"https://api.spotify.com/v1/tracks/7h5i8V9bfUdCZ412yzpUKY","id":"7h5i8V9bfUdCZ412yzpUKY","name":"Rajai Odh Ke - Inth Ka Jawab Patthar / Soundtrack Version","preview_url":null,"track_number":20,"type":"track","uri":"spotify:track:7h5i8V9bfUdCZ412yzpUKY","is_local":false},{"artists":[{"external_urls":{"spotify":"https://open.spotify.com/artist/3gBKY0y3dFFVRqicLnVZYz"},"href":"https://api.spotify.com/v1/artists/3gBKY0y3dFFVRqicLnVZYz","id":"3gBKY0y3dFFVRqicLnVZYz","name":"Alka Yagnik","type":"artist","uri":"spotify:artist:3gBKY0y3dFFVRqicLnVZYz"},{"external_urls":{"spotify":"https://open.spotify.com/artist/70B80Lwx2sxti0M1Ng9e8K"},"href":"https://api.spotify.com/v1/artists/70B80Lwx2sxti0M1Ng9e8K","id":"70B80Lwx2sxti0M1Ng9e8K","name":"Udit Narayan","type":"artist","uri":"spotify:artist:70B80Lwx2sxti0M1Ng9e8K"}],"available_markets":["AR","AU","AT","BE","BO","BR","BG","CA","CL","CO","CR","CY","CZ","DK","DO","DE","EC","EE","SV","FI","FR","GR","GT","HN","HK","HU","IS","IE","IT","LV","LT","LU","MY","MT","MX","NL","NZ","NI","NO","PA","PY","PE","PH","PL","PT","SG","SK","ES","SE","CH","TW","TR","UY","US","GB","ID","JP","TH","VN","RO","IL","ZA","SA","AE","BH","QA","OM","KW","EG","MA","DZ","TN","LB","JO","PS","IN","UA","AL","BA","HR","ME","MK","RS","SI","KR","LK","GH","KE","NG","TZ","UG","BW","BF","CV","CW","GM","GW","LS","LR","MW","ML","NA","NE","ST","SN","SC","SL","TT","BI","KH","CM","TD","KM","GQ","SZ","GA","GN","MR","RW","TG","ZW","BJ","MG","MU","MZ","AO","CI","DJ","ZM","CD","CG","IQ","LY","VE","ET","XK"],"disc_number":1,"duration_ms":280986,"explicit":false,"external_urls":{"spotify":"https://open.spotify.com/track/0veb8GZd7AOcTtQ8XDAYsV"},"href":"https://api.spotify.com/v1/tracks/0veb8GZd7AOcTtQ8XDAYsV","id":"0veb8GZd7AOcTtQ8XDAYsV","name":"Kuchh Hamare Hai - Pyaar Koi Khel Nahin / Soundtrack Version","preview_url":null,"track_number":21,"type":"track","uri":"spotify:track:0veb8GZd7AOcTtQ8XDAYsV","is_local":false}]},"copyrights":[{"text":"© 2024 UMG Recordings, Inc.","type":"C"},{"text":"℗ 2024 UMG Recordings, Inc. FP","type":"P"}],"external_ids":{"upc":"00602475631798"},"genres":[],"label":"UME - Global Clearing House","popularity":33}]}
]]></system-out>
  </testcase>
  <testcase name="getAlbumTracks" classname="webAPI.TestAlbum" time="0.248">
    <system-out><![CDATA[04:07:26.010 [main] INFO core.OutputLog -- >>> getAlbumTracksexecution has been started.
>>> User Request Specification
AlbumResponse : {"href":"https://api.spotify.com/v1/albums/4rvCQOx2G4DYIq2dnTIN5U/tracks?offset=0&limit=20","items":[{"artists":[{"external_urls":{"spotify":"https://open.spotify.com/artist/70B80Lwx2sxti0M1Ng9e8K"},"href":"https://api.spotify.com/v1/artists/70B80Lwx2sxti0M1Ng9e8K","id":"70B80Lwx2sxti0M1Ng9e8K","name":"Udit Narayan","type":"artist","uri":"spotify:artist:70B80Lwx2sxti0M1Ng9e8K"},{"external_urls":{"spotify":"https://open.spotify.com/artist/3gBKY0y3dFFVRqicLnVZYz"},"href":"https://api.spotify.com/v1/artists/3gBKY0y3dFFVRqicLnVZYz","id":"3gBKY0y3dFFVRqicLnVZYz","name":"Alka Yagnik","type":"artist","uri":"spotify:artist:3gBKY0y3dFFVRqicLnVZYz"}],"available_markets":["AR","AU","AT","BE","BO","BR","BG","CA","CL","CO","CR","CY","CZ","DK","DO","DE","EC","EE","SV","FI","FR","GR","GT","HN","HK","HU","IS","IE","IT","LV","LT","LU","MY","MT","MX","NL","NZ","NI","NO","PA","PY","PE","PH","PL","PT","SG","SK","ES","SE","CH","TW","TR","UY","US","GB","ID","JP","TH","VN","RO","IL","ZA","SA","AE","BH","QA","OM","KW","EG","MA","DZ","TN","LB","JO","PS","IN","UA","AL","BA","HR","ME","MK","RS","SI","KR","LK","GH","KE","NG","TZ","UG","BW","BF","CV","CW","GM","GW","LS","LR","MW","ML","NA","NE","ST","SN","SC","SL","TT","BI","KH","CM","TD","KM","GQ","SZ","GA","GN","MR","RW","TG","ZW","BJ","MG","MU","MZ","AO","CI","DJ","ZM","CD","CG","IQ","LY","VE","ET","XK"],"disc_number":1,"duration_ms":266058,"explicit":false,"external_urls":{"spotify":"https://open.spotify.com/track/4T6ZmGkD6WOxkfJ5TQjwMW"},"href":"https://api.spotify.com/v1/tracks/4T6ZmGkD6WOxkfJ5TQjwMW","id":"4T6ZmGkD6WOxkfJ5TQjwMW","name":"Tu Mere Samne - From \"Chori Chori\"","preview_url":null,"track_number":1,"type":"track","uri":"spotify:track:4T6ZmGkD6WOxkfJ5TQjwMW","is_local":false},{"artists":[{"external_urls":{"spotify":"https://open.spotify.com/artist/70B80Lwx2sxti0M1Ng9e8K"},"href":"https://api.spotify.com/v1/artists/70B80Lwx2sxti0M1Ng9e8K","id":"70B80Lwx2sxti0M1Ng9e8K","name":"Udit Narayan","type":"artist","uri":"spotify:artist:70B80Lwx2sxti0M1Ng9e8K"}],"available_markets":["AR","AU","AT","BE","BO","BR","BG","CA","CL","CO","CR","CY","CZ","DK","DO","DE","EC","EE","SV","FI","FR","GR","GT","HN","HK","HU","IS","IE","IT","LV","LT","LU","MY","MT","MX","NL","NZ","NI","NO","PA","PY","PE","PH","PL","PT","SG","SK","ES","SE","CH","TW","TR","UY","US","GB","ID","JP","TH","VN","RO","IL","ZA","SA","AE","BH","QA","OM","KW","EG","MA","DZ","TN","LB","JO","PS","IN","UA","AL","BA","HR","ME","MK","RS","SI","KR","LK","GH","KE","NG","TZ","UG","BW","BF","CV","CW","GM","GW","LS","LR","MW","ML","NA","NE","ST","SN","SC","SL","TT","BI","KH","CM","TD","KM","GQ","SZ","GA","GN","MR","RW","TG","ZW","BJ","MG","MU","MZ","AO","CI","DJ","ZM","CD","CG","IQ","LY","VE","ET","XK"],"disc_number":1,"duration_ms":525456,"explicit":false,"external_urls":{"spotify":"https://open.spotify.com/track/2TFfaxpEpPdncdUOBIJVHi"},"href":"https://api.spotify.com/v1/tracks/2TFfaxpEpPdncdUOBIJVHi","id":"2TFfaxpEpPdncdUOBIJVHi","name":"Hawaon Ne Yeh Kaha - From \"Aap Mujhe Achche Lagne Lage\"","preview_url":null,"track_number":2,"type":"track","uri":"spotify:track:2TFfaxpEpPdncdUOBIJVHi","is_local":false},{"artists":[{"external_urls":{"spotify":"https://open.spotify.com/artist/70B80Lwx2sxti0M1Ng9e8K"},"href":"https://api.spotify.com/v1/artists/70B80Lwx2sxti0M1Ng9e8K","id":"70B80Lwx2sxti0M1Ng9e8K","name":"Udit Narayan","type":"artist","uri":"spotify:artist:70B80Lwx2sxti0M1Ng9e8K"},{"external_urls":{"spotify":"https://open.spotify.com/artist/2wVpsY4Geh7l1YugsakLF2"},"href":"https://api.spotify.com/v1/artists/2wVpsY4Geh7l1YugsakLF2","id":"2wVpsY4Geh7l1YugsakLF2","name":"Sulakshana Pandit","type":"artist","uri":"spotify:artist:2wVpsY4Geh7l1YugsakLF2"}],"available_markets":["AR","AU","AT","BE","BO","BR","BG","CA","CL","CO","CR","CY","CZ","DK","DO","DE","EC","EE","SV","FI","FR","GR","GT","HN","HK","HU","IS","IE","IT","LV","LT","LU","MY","MT","MX","NL","NZ","NI","NO","PA","PY","PE","PH","PL","PT","SG","SK","ES","SE","CH","TW","TR","UY","US","GB","ID","JP","TH","VN","RO","IL","ZA","SA","AE","BH","QA","OM","KW","EG","MA","DZ","TN","LB","JO","PS","IN","UA","AL","BA","HR","ME","MK","RS","SI","KR","LK","GH","KE","NG","TZ","UG","BW","BF","CV","CW","GM","GW","LS","LR","MW","ML","NA","NE","ST","SN","SC","SL","TT","BI","KH","CM","TD",
[...]
tps://i.scdn.co/image/ab67616d00004851854f4a260d7816f974bd2a39","width":64},{"height":640,"url":"https://i.scdn.co/image/ab67616d0000b273854f4a260d7816f974bd2a39","width":640}],"name":"In The Dark","release_date":"2024-07-12","release_date_precision":"day","total_tracks":1,"type":"album","uri":"spotify:album:34XrK5yFLziX15BSjDDiyO"},{"album_type":"single","artists":[{"external_urls":{"spotify":"https://open.spotify.com/artist/1wRPtKGflJrBx9BmLsSwlU"},"href":"https://api.spotify.com/v1/artists/1wRPtKGflJrBx9BmLsSwlU","id":"1wRPtKGflJrBx9BmLsSwlU","name":"Pritam","type":"artist","uri":"spotify:artist:1wRPtKGflJrBx9BmLsSwlU"},{"external_urls":{"spotify":"https://open.spotify.com/artist/4YRxDV8wJFPHPTeXepOstw"},"href":"https://api.spotify.com/v1/artists/4YRxDV8wJFPHPTeXepOstw","id":"4YRxDV8wJFPHPTeXepOstw","name":"Arijit Singh","type":"artist","uri":"spotify:artist:4YRxDV8wJFPHPTeXepOstw"},{"external_urls":{"spotify":"https://open.spotify.com/artist/2LgKrgRJcbJlt14i1LTzDU"},"href":"https://api.spotify.com/v1/artists/2LgKrgRJcbJlt14i1LTzDU","id":"2LgKrgRJcbJlt14i1LTzDU","name":"Amit Mishra","type":"artist","uri":"spotify:artist:2LgKrgRJcbJlt14i1LTzDU"}],"available_markets":["AR","AU","AT","BE","BO","BR","BG","CA","CL","CO","CR","CY","CZ","DK","DO","DE","EC","EE","SV","FI","FR","GR","GT","HN","HK","HU","IS","IE","IT","LV","LT","LU","MY","MT","MX","NL","NZ","NI","NO","PA","PY","PE","PH","PL","PT","SG","SK","ES","SE","CH","TW","TR","UY","US","GB","AD","LI","MC","ID","JP","TH","VN","RO","IL","ZA","SA","AE","BH","QA","OM","KW","EG","MA","DZ","TN","LB","JO","PS","IN","BY","KZ","MD","UA","AL","BA","HR","ME","MK","RS","SI","KR","BD","PK","LK","GH","KE","NG","TZ","UG","AG","AM","BS","BB","BZ","BT","BW","BF","CV","CW","DM","FJ","GM","GE","GD","GW","GY","HT","JM","KI","LS","LR","MW","MV","ML","MH","FM","NA","NR","NE","PW","PG","PR","WS","SM","ST","SN","SC","SL","SB","KN","LC","VC","SR","TL","TO","TT","TV","VU","AZ","BN","BI","KH","CM","TD","KM","GQ","SZ","GA","GN","KG","LA","MO","MR","MN","NP","RW","TG","UZ","ZW","BJ","MG","MU","MZ","AO","CI","DJ","ZM","CD","CG","IQ","LY","TJ","VE","ET","XK"],"external_urls":{"spotify":"https://open.spotify.com/album/6LVS3ciZv4mt2m1dA5FWnx"},"href":"https://api.spotify.com/v1/albums/6LVS3ciZv4mt2m1dA5FWnx","id":"6LVS3ciZv4mt2m1dA5FWnx","images":[{"height":300,"url":"https://i.scdn.co/image/ab67616d00001e02d45d964b438b8297eb908384","width":300},{"height":64,"url":"https://i.scdn.co/image/ab67616d00004851d45d964b438b8297eb908384","width":64},{"height":640,"url":"https://i.scdn.co/image/ab67616d0000b273d45d964b438b8297eb908384","width":640}],"name":"Tu Hai Champion (From \"Chandu Champion\")","release_date":"2024-05-30","release_date_precision":"day","total_tracks":1,"type":"album","uri":"spotify:album:6LVS3ciZv4mt2m1dA5FWnx"},{"album_type":"single","artists":[{"external_urls":{"spotify":"https://open.spotify.com/artist/1wRPtKGflJrBx9BmLsSwlU"},"href":"https://api.spotify.com/v1/artists/1wRPtKGflJrBx9BmLsSwlU","id":"1wRPtKGflJrBx9BmLsSwlU","name":"Pritam","type":"artist","uri":"spotify:artist:1wRPtKGflJrBx9BmLsSwlU"},{"external_urls":{"spotify":"https://open.spotify.com/artist/4YRxDV8wJFPHPTeXepOstw"},"href":"https://api.spotify.com/v1/artists/4YRxDV8wJFPHPTeXepOstw","id":"4YRxDV8wJFPHPTeXepOstw","name":"Arijit Singh","type":"artist","uri":"spotify:artist:4YRxDV8wJFPHPTeXepOstw"},{"external_urls":{"spotify":"https://open.spotify.com/artist/4kq8z3vydHjPDggxb16ErB"},"href":"https://api.spotify.com/v1/artists/4kq8z3vydHjPDggxb16ErB","id":"4kq8z3vydHjPDggxb16ErB","name":"Nakash Aziz","type":"artist","uri":"spotify:artist:4kq8z3vydHjPDggxb16ErB"}],"available_markets":["AR","AU","AT","BE","BO","BR","BG","CA","CL","CO","CR","CY","CZ","DK","DO","DE","EC","EE","SV","FI","FR","GR","GT","HN","HK","HU","IS","IE","IT","LV","LT","LU","MY","MT","MX","NL","NZ","NI","NO","PA","PY","PE","PH","PL","PT","SG","SK","ES","SE","CH","TW","TR","UY","US","GB","AD","LI","MC","ID","JP","TH","VN","RO","IL","ZA","SA","AE","BH","QA","OM","KW","EG","MA","DZ","TN","LB","JO","PS","IN","BY","KZ","MD","UA","AL","BA","HR","ME","MK","RS","SI","KR","BD","PK","LK","GH","KE","NG","TZ","UG","AG","AM","BS","BB","BZ","BT","BW","BF","CV","CW","DM","FJ","GM","GE","GD","GW","GY","HT","JM","KI","LS","LR","MW","MV","ML","MH","FM","NA","NR","NE","PW","PG","PR","WS","SM","ST","SN","SC","SL","SB","KN","LC","VC","SR","TL","TO","TT","TV","VU","AZ","BN","BI","KH","CM","TD","KM","GQ","SZ","GA","GN","KG","LA","MO","MR","MN","NP","RW","TG","UZ","ZW","BJ","MG","MU","MZ","AO","CI","DJ","ZM","CD","CG","IQ","LY","TJ","VE","ET","XK"],"external_urls":{"spotify":"https://open.spotify.com/album/5FTM4NCtG5AT3PFsNXbVTr"},"href":"https://api.spotify.com/v1/albums/5FTM4NCtG5AT3PFsNXbVTr","id":"5FTM4NCtG5AT3PFsNXbVTr","images":[{"height":300,"url":"https://i.scdn.co/image/ab67616d00001e025cee751f037b3400e2c3e882","width":300},{"height":64,"url":"https://i.scdn.co/image/ab67616d000048515cee751f037b3400e2c3e882","width":64},{"height":640,"url":"https://i.scdn.co/image/ab67616d0000b2735cee751f037b3400e2c3e882","width":640}],"name":"Satyanaas (From \"Chandu Champion\")","release_date":"2024-05-24","release_date_precision":"day","total_tracks":1,"type":"album","uri":"spotify:album:5FTM4NCtG5AT3PFsNXbVTr"},{"album_type":"album","artists":[{"external_urls":{"spotify":"https://open.spotify.com/artist/4f7KfxeHq9BiylGmyXepGt"},"href":"https://api.spotify.com/v1/artists/4f7KfxeHq9BiylGmyXepGt","id":"4f7KfxeHq9BiylGmyXepGt","name":"Tanishk Bagchi","type":"artist","uri":"spotify:artist:4f7KfxeHq9BiylGmyXepGt"},{"external_urls":{"spotify":"https://open.spotify.com/artist/5wJ1H6ud777odtZl5gG507"},"href":"https://api.spotify.com/v1/artists/5wJ1H6ud777odtZl5gG507","id":"5wJ1H6ud777odtZl5gG507","name":"Vishal Mishra","type":"artist","uri":"spotify:artist:5wJ1H6ud777odtZl5gG507"},{"external_urls":{"spotify":"https://open.spotify.com/artist/5gZhfbckaWo89OzDSk3gdT"},"href":"https://api.spotify.com/v1/artists/5gZhfbckaWo89OzDSk3gdT","id":"5gZhfbckaWo89OzDSk3gdT","name":"Jaani","type":"artist","uri":"spotify:artist:5gZhfbckaWo89OzDSk3gdT"}],"available_markets":["AR","AU","AT","BE","BO","BR","BG","CA","CL","CO","CR","CY","CZ","DK","DO","DE","EC","EE","SV","FI","FR","GR","GT","HN","HK","HU","IS","IE","IT","LV","LT","LU","MY","MT","MX","NL","NZ","NI","NO","PA","PY","PE","PH","PL","PT","SG","SK","ES","SE","CH","TW","TR","UY","US","GB","AD","LI","MC","ID","JP","TH","VN","RO","IL","ZA","SA","AE","BH","QA","OM","KW","EG","MA","DZ","TN","LB","JO","PS","IN","BY","KZ","MD","UA","AL","BA","HR","ME","MK","RS","SI","KR","BD","PK","LK","GH","KE","NG","TZ","UG","AG","AM","BS","BB","BZ","BT","BW","BF","CV","CW","DM","FJ","GM","GE","GD","GW","GY","HT","JM","KI","LS","LR","MW","MV","ML","MH","FM","NA","NR","NE","PW","PG","PR","WS","SM","ST","SN","SC","SL","SB","KN","LC","VC","SR","TL","TO","TT","TV","VU","AZ","BN","BI","KH","CM","TD","KM","GQ","SZ","GA","GN","KG","LA","MO","MR","MN","NP","RW","TG","UZ","ZW","BJ","MG","MU","MZ","AO","CI","DJ","ZM","CD","CG","IQ","LY","TJ","VE","ET","XK"],"external_urls":{"spotify":"https://open.spotify.com/album/3PI3er7mHLniPndwdo0mlA"},"href":"https://api.spotify.com/v1/albums/3PI3er7mHLniPndwdo0mlA","id":"3PI3er7mHLniPndwdo0mlA","images":[{"height":300,"url":"https://i.scdn.co/image/ab67616d00001e02373b21b6dfdb6cd71e03101f","width":300},{"height":64,"url":"https://i.scdn.co/image/ab67616d00004851373b21b6dfdb6cd71e03101f","width":64},{"height":640,"url":"https://i.scdn.co/image/ab67616d0000b273373b21b6dfdb6cd71e03101f","width":640}],"name":"Mr. And Mrs. Mahi (Original Motion Picture Soundtrack)","release_date":"2024-05-24","release_date_precision":"day","total_tracks":7,"type":"album","uri":"spotify:album:3PI3er7mHLniPndwdo0mlA"},{"album_type":"single","artists":[{"external_urls":{"spotify":"https://open.spotify.com/artist/4xerUCsurnILh4KpC5FVWX"},"href":"https://api.spotify.com/v1/artists/4xerUCsurnILh4KpC5FVWX","id":"4xerUCsurnILh4KpC5FVWX","name":"Elephant Kind","type":"artist","uri":"spotify:artist:4xerUCsurnILh4KpC5FVWX"}],"available_markets":["AR","AU","AT","BE","BO","BR","BG","CA","CL","CO","CR","CY","CZ","DK","DO","DE","EC","EE","SV","FI","FR","GR","GT","HN","HK","HU","IS","IE","IT","LV","LT","LU","MY","MT","MX","NL","NZ","NI","NO","PA","PY","PE","PH","PL","PT","SG","SK","ES","SE","CH","TW","TR","UY","US","GB","AD","LI","MC","ID","JP","TH","VN","RO","IL","ZA","SA","AE","BH","QA","OM","KW","EG","MA","DZ","TN","LB","JO","PS","IN","BY","KZ","MD","UA","AL","BA","HR","ME","MK","RS","SI","KR","BD","PK","LK","GH","KE","NG","TZ","UG","AG","AM","BS","BB","BZ","BT","BW","BF","CV","CW","DM","FJ","GM","GE","GD","GW","GY","HT","JM","KI","LS","LR","MW","MV","ML","MH","FM","NA","NR","NE","PW","PG","PR","WS","SM","ST","SN","SC","SL","SB","KN","LC","VC","SR","TL","TO","TT","TV","VU","AZ","BN","BI","KH","CM","TD","KM","GQ","SZ","GA","GN","KG","LA","MO","MR","MN","NP","RW","TG","UZ","ZW","BJ","MG","MU","MZ","AO","CI","DJ","ZM","CD","CG","IQ","LY","TJ","VE","ET","XK"],"external_urls":{"spotify":"https://open.spotify.com/album/0yx4JsRKHVe7JLgKIyebOp"},"href":"https://api.spotify.com/v1/albums/0yx4JsRKHVe7JLgKIyebOp","id":"0yx4JsRKHVe7JLgKIyebOp","images":[{"height":300,"url":"https://i.scdn.co/image/ab67616d00001e0266f0c862e7dc0e2c4f20b770","width":300},{"height":64,"url":"https://i.scdn.co/image/ab67616d0000485166f0c862e7dc0e2c4f20b770","width":64},{"height":640,"url":"https://i.scdn.co/image/ab67616d0000b27366f0c862e7dc0e2c4f20b770","width":640}],"name":"Louder","release_date":"2024-05-17","release_date_precision":"day","total_tracks":1,"type":"album","uri":"spotify:album:0yx4JsRKHVe7JLgKIyebOp"},{"album_type":"album","artists":[{"external_urls":{"spotify":"https://open.spotify.com/artist/3TkSKriI4EZmTxSFyzs0fd"},"href":"https://api.spotify.com/v1/artists/3TkSKriI4EZmTxSFyzs0fd","id":"3TkSKriI4EZmTxSFyzs0fd","name":"Ardhito Pramono","type":"artist","uri":"spotify:artist:3TkSKriI4EZmTxSFyzs0fd"}],"available_markets":["AR","AU","AT","BE","BO","BR","BG","CA","CL","CO","CR","CY","CZ","DK","DO","DE","EC","EE","SV","FI","FR","GR","GT","HN","HK","HU","IS","IE","IT","LV","LT","LU","MY","MT","MX","NL","NZ","NI","NO","PA","PY","PE","PH","PL","PT","SG","SK","ES","SE","CH","TW","TR","UY","US","GB","AD","LI","MC","ID","JP","TH","VN","RO","IL","ZA","SA","AE","BH","QA","OM","KW","EG","MA","DZ","TN","JO","PS","IN","BY","KZ","MD","UA","AL","BA","HR","ME","MK","RS","SI","KR","BD","PK","LK","GH","KE","NG","TZ","UG","AG","AM","BS","BB","BZ","BT","BW","BF","CV","CW","DM","FJ","GM","GE","GD","GW","GY","HT","JM","KI","LS","LR","MW","MV","ML","MH","FM","NA","NR","NE","PW","PG","PR","WS","SM","ST","SN","SC","SL","SB","KN","LC","VC","SR","TL","TO","TT","TV","VU","AZ","BN","BI","KH","CM","TD","KM","GQ","SZ","GA","GN","KG","LA","MO","MR","MN","NP","RW","TG","UZ","ZW","BJ","MG","MU","MZ","AO","CI","DJ","ZM","CD","CG","LY","TJ","VE","ET","XK"],"external_urls":{"spotify":"https://open.spotify.com/album/6udjCLHRuFO5Yjxy2pBlky"},"href":"https://api.spotify.com/v1/albums/6udjCLHRuFO5Yjxy2pBlky","id":"6udjCLHRuFO5Yjxy2pBlky","images":[{"height":300,"url":"https://i.scdn.co/image/ab67616d00001e02399ab79bb2c435eb6d979ecf","width":300},{"height":64,"url":"https://i.scdn.co/image/ab67616d00004851399ab79bb2c435eb6d979ecf","width":64},{"height":640,"url":"https://i.scdn.co/image/ab67616d0000b273399ab79bb2c435eb6d979ecf","width":640}],"name":"Roadtrip","release_date":"2024-05-17","release_date_precision":"day","total_tracks":11,"type":"album","uri":"spotify:album:6udjCLHRuFO5Yjxy2pBlky"},{"album_type":"single","artists":[{"external_urls":{"spotify":"https://open.spotify.com/artist/7JUNqSO2J7JcC76ShZ9DI9"},"href":"https://api.spotify.com/v1/artists/7JUNqSO2J7JcC76ShZ9DI9","id":"7JUNqSO2J7JcC76ShZ9DI9","name":"Paul Partohap","type":"artist","uri":"spotify:artist:7JUNqSO2J7JcC76ShZ9DI9"}],"available_markets":["AR","AU","AT","BE","BO","BR","BG","CA","CL","CO","CR","CY","CZ","DK","DO","DE","EC","EE","SV","FI","FR","GR","GT","HN","HK","HU","IS","IE","IT","LV","LT","LU","MY","MT","MX","NL","NZ","NI","NO","PA","PY","PE","PH","PL","PT","SG","SK","ES","SE","CH","TW","TR","UY","US","GB","AD","LI","MC","ID","JP","TH","VN","RO","IL","ZA","SA","AE","BH","QA","OM","KW","EG","MA","DZ","TN","LB","JO","PS","IN","KZ","MD","UA","AL","BA","HR","ME","MK","RS","SI","KR","BD","PK","LK","GH","KE","NG","TZ","UG","AG","AM","BS","BB","BZ","BT","BW","BF","CV","CW","DM","FJ","GM","GE","GD","GW","GY","HT","JM","KI","LS","LR","MW","MV","ML","MH","FM","NA","NR","NE","PW","PG","PR","WS","SM","ST","SN","SC","SL","SB","KN","LC","VC","SR","TL","TO","TT","TV","VU","AZ","BN","BI","KH","CM","TD","KM","GQ","SZ","GA","GN","KG","LA","MO","MR","MN","NP","RW","TG","UZ","ZW","BJ","MG","MU","MZ","AO","CI","DJ","ZM","CD","CG","IQ","LY","TJ","VE","ET","XK"],"external_urls":{"spotify":"https://open.spotify.com/album/1n9VJFm671VITcO2VnttNh"},"href":"https://api.spotify.com/v1/albums/1n9VJFm671VITcO2VnttNh","id":"1n9VJFm671VITcO2VnttNh","images":[{"height":300,"url":"https://i.scdn.co/image/ab67616d00001e02d7b6e9f7aabcdac6e0d35814","width":300},{"height":64,"url":"https://i.scdn.co/image/ab67616d00004851d7b6e9f7aabcdac6e0d35814","width":64},{"height":640,"url":"https://i.scdn.co/image/ab67616d0000b273d7b6e9f7aabcdac6e0d35814","width":640}],"name":"CANDYRELLA","release_date":"2024-05-15","release_date_precision":"day","total_tracks":2,"type":"album","uri":"spotify:album:1n9VJFm671VITcO2VnttNh"},{"album_type":"single","artists":[{"external_urls":{"spotify":"https://open.spotify.com/artist/1whPdBCsbQv270FMoML1fa"},"href":"https://api.spotify.com/v1/artists/1whPdBCsbQv270FMoML1fa","id":"1whPdBCsbQv270FMoML1fa","name":"NUZB","type":"artist","uri":"spotify:artist:1whPdBCsbQv270FMoML1fa"},{"external_urls":{"spotify":"https://open.spotify.com/artist/6h4WunR692wig5eJkBt8qQ"},"href":"https://api.spotify.com/v1/artists/6h4WunR692wig5eJkBt8qQ","id":"6h4WunR692wig5eJkBt8qQ","name":"QuickBuck","type":"artist","uri":"spotify:artist:6h4WunR692wig5eJkBt8qQ"}],"available_markets":["AR","AU","AT","BE","BO","BR","BG","CA","CL","CO","CR","CY","CZ","DK","DO","DE","EC","EE","SV","FI","FR","GR","GT","HN","HU","IS","IE","IT","LV","LT","LU","MY","MT","MX","NL","NZ","NI","NO","PA","PY","PE","PH","PL","PT","SG","SK","ES","SE","CH","TR","UY","US","GB","AD","LI","MC","JP","TH","VN","RO","IL","ZA","SA","AE","BH","QA","OM","KW","EG","MA","DZ","TN","LB","JO","PS","IN","BY","KZ","MD","UA","AL","BA","HR","ME","MK","RS","SI","KR","BD","PK","LK","GH","KE","NG","TZ","UG","AG","AM","BS","BB","BZ","BT","BW","BF","CV","CW","DM","FJ","GM","GE","GD","GW","GY","HT","JM","KI","LS","LR","MW","MV","ML","MH","FM","NA","NR","NE","PW","PG","PR","WS","SM","ST","SN","SC","SL","SB","KN","LC","VC","SR","TL","TO","TT","TV","VU","AZ","BN","BI","KH","CM","TD","KM","GQ","SZ","GA","GN","KG","LA","MR","MN","NP","RW","TG","UZ","ZW","BJ","MG","MU","MZ","AO","CI","DJ","ZM","CD","CG","IQ","LY","TJ","VE","ET","XK"],"external_urls":{"spotify":"https://open.spotify.com/album/07tlJPRw1kXHayjJ0rgatM"},"href":"https://api.spotify.com/v1/albums/07tlJPRw1kXHayjJ0rgatM","id":"07tlJPRw1kXHayjJ0rgatM","images":[{"height":300,"url":"https://i.scdn.co/image/ab67616d00001e02304361c669b0863251c6668c","width":300},{"height":64,"url":"https://i.scdn.co/image/ab67616d00004851304361c669b0863251c6668c","width":64},{"height":640,"url":"https://i.scdn.co/image/ab67616d0000b273304361c669b0863251c6668c","width":640}],"name":"Give All","release_date":"2024-05-17","release_date_precision":"day","total_tracks":1,"type":"album","uri":"spotify:album:07tlJPRw1kXHayjJ0rgatM"},{"album_type":"single","artists":[{"external_urls":{"spotify":"https://open.spotify.com/artist/6xQvQwZQQuq9R3TdPNbcR8"},"href":"https://api.spotify.com/v1/artists/6xQvQwZQQuq9R3TdPNbcR8","id":"6xQvQwZQQuq9R3TdPNbcR8","name":"Bassjackers","type":"artist","uri":"spotify:artist:6xQvQwZQQuq9R3TdPNbcR8"},{"external_urls":{"spotify":"https://open.spotify.com/artist/6AtgLd3rwVPep5RSPWRQ1T"},"href":"https://api.spotify.com/v1/artists/6AtgLd3rwVPep5RSPWRQ1T","id":"6AtgLd3rwVPep5RSPWRQ1T","name":"WUKONG","type":"artist","uri":"spotify:artist:6AtgLd3rwVPep5RSPWRQ1T"},{"external_urls":{"spotify":"https://open.spotify.com/artist/5ZvQPPwdcOmk7rXvPEnJwp"},"href":"https://api.spotify.com/v1/artists/5ZvQPPwdcOmk7rXvPEnJwp","id":"5ZvQPPwdcOmk7rXvPEnJwp","name":"D Jayne","type":"artist","uri":"spotify:artist:5ZvQPPwdcOmk7rXvPEnJwp"}],"available_markets":["AR","AU","AT","BE","BO","BR","BG","CA","CL","CO","CR","CY","CZ","DK","DO","DE","EC","EE","SV","FI","FR","GR","GT","HN","HK","HU","IS","IE","IT","LV","LT","LU","MY","MT","MX","NL","NZ","NI","NO","PA","PY","PE","PH","PL","PT","SG","SK","ES","SE","CH","TW","TR","UY","US","GB","AD","LI","MC","ID","JP","TH","VN","RO","IL","ZA","SA","AE","BH","QA","OM","KW","EG","MA","DZ","TN","LB","JO","PS","IN","BY","KZ","MD","UA","AL","BA","HR","ME","MK","RS","SI","KR","BD","PK","LK","GH","KE","NG","TZ","UG","AG","AM","BS","BB","BZ","BT","BW","BF","CV","CW","DM","FJ","GM","GE","GD","GW","GY","HT","JM","KI","LS","LR","MW","MV","ML","MH","FM","NA","NR","NE","PW","PG","PR","WS","SM","ST","SN","SC","SL","SB","KN","LC","VC","SR","TL","TO","TT","TV","VU","AZ","BN","BI","KH","CM","TD","KM","GQ","SZ","GA","GN","KG","LA","MO","MR","MN","NP","RW","TG","UZ","ZW","BJ","MG","MU","MZ","AO","CI","DJ","ZM","CD","CG","IQ","LY","TJ","VE","ET","XK"],"external_urls":{"spotify":"https://open.spotify.com/album/1AWqGYJ1b3KAYwpck8C3Wm"},"href":"https://api.spotify.com/v1/albums/1AWqGYJ1b3KAYwpck8C3Wm","id":"1AWqGYJ1b3KAYwpck8C3Wm","images":[{"height":300,"url":"https://i.scdn.co/image/ab67616d00001e02584e5e742ddea09b5f4eea7a","width":300},{"height":64,"url":"https://i.scdn.co/image/ab67616d00004851584e5e742ddea09b5f4eea7a","width":64},{"height":640,"url":"https://i.scdn.co/image/ab67616d0000b273584e5e742ddea09b5f4eea7a","width":640}],"name":"I Believe","release_date":"2024-05-17","release_date_precision":"day","total_tracks":1,"type":"album","uri":"spotify:album:1AWqGYJ1b3KAYwpck8C3Wm"},{"album_type":"single","artists":[{"external_urls":{"spotify":"https://open.spotify.com/artist/3AQRLZ9PuTAozP28Skbq8V"},"href":"https://api.spotify.com/v1/artists/3AQRLZ9PuTAozP28Skbq8V","id":"3AQRLZ9PuTAozP28Skbq8V","name":"The Script","type":"artist","uri":"spotify:artist:3AQRLZ9PuTAozP28Skbq8V"}],"available_markets":["AR","AU","AT","BE","BO","BR","BG","CA","CL","CO","CR","CY","CZ","DK","DO","DE","EC","EE","SV","FI","FR","GR","GT","HN","HK","HU","IS","IE","IT","LV","LT","LU","MY","MT","MX","NL","NZ","NI","NO","PA","PY","PE","PH","PL","PT","SG","SK","ES","SE","CH","TW","TR","UY","US","GB","AD","LI","MC","ID","JP","TH","VN","RO","IL","ZA","SA","AE","BH","QA","OM","KW","EG","MA","DZ","TN","LB","JO","PS","IN","BY","KZ","MD","UA","AL","BA","HR","ME","MK","RS","SI","KR","BD","PK","LK","GH","KE","NG","TZ","UG","AG","AM","BS","BB","BZ","BT","BW","BF","CV","CW","DM","FJ","GM","GE","GD","GW","GY","HT","JM","KI","LS","LR","MW","MV","ML","MH","FM","NA","NR","NE","PW","PG","PR","WS","SM","ST","SN","SC","SL","SB","KN","LC","VC","SR","TL","TO","TT","TV","VU","AZ","BN","BI","KH","CM","TD","KM","GQ","SZ","GA","GN","KG","LA","MO","MR","MN","NP","RW","TG","UZ","ZW","BJ","MG","MU","MZ","AO","CI","DJ","ZM","CD","CG","IQ","LY","TJ","VE","ET","XK"],"external_urls":{"spotify":"https://open.spotify.com/album/3eh5lPgtVovNYkSdGlRi5I"},"href":"https://api.spotify.com/v1/albums/3eh5lPgtVovNYkSdGlRi5I","id":"3eh5lPgtVovNYkSdGlRi5I","images":[{"height":300,"url":"https://i.scdn.co/image/ab67616d00001e023002eb3778cb29467866760b","width":300},{"height":64,"url":"https://i.scdn.co/image/ab67616d000048513002eb3778cb29467866760b","width":64},{"height":640,"url":"https://i.scdn.co/image/ab67616d0000b2733002eb3778cb29467866760b","width":640}],"name":"Both Ways","release_date":"2024-05-17","release_date_precision":"day","total_tracks":1,"type":"album","uri":"spotify:album:3eh5lPgtVovNYkSdGlRi5I"}],"limit":20,"next":"https://api.spotify.com/v1/browse/new-releases?offset=20&limit=20","offset":0,"previous":null,"total":100}}
]]></system-out>
  </testcase>
</testsuite>