<?xml version="1.0" encoding="UTF-8"?>
<testng-results ignored="0" total="8" passed="8" failed="0" skipped="0">
  <reporter-output>
  </reporter-output>
  <suite started-at="2024-12-06T04:07:22 IST" name="SpotifyAPI : Album" finished-at="2024-12-06T04:07:29 IST" duration-ms="6174">
    <groups>
    </groups>
    <test started-at="2024-12-06T04:07:22 IST" name="Regression" finished-at="2024-12-06T04:07:29 IST" duration-ms="6174">
      <class name="webAPI.TestAlbum">
        <test-method is-config="true" signature="config(java.lang.String,java.lang.String)[pri:0, instance:webAPI.TestAlbum@2f4948e4]" started-at="2024-12-06T04:07:22 IST" name="config" finished-at="2024-12-06T04:07:22 IST" duration-ms="376" status="PASS">
          <params>
            <param index="0">
              <value>
                <![CDATA[Optional Name Spotify WebAPI]]>
              </value>
            </param>
            <param index="1">
              <value>
                <![CDATA[Regression Report]]>
              </value>
            </param>
          </params>
          <reporter-output>
          </reporter-output>
        </test-method> <!-- config -->
        <test-method is-config="true" signature="setup()[pri:0, instance:webAPI.TestAlbum@2f4948e4]" started-at="2024-12-06T04:07:22 IST" name="setup" finished-at="2024-12-06T04:07:22 IST" duration-ms="0" status="PASS">
          <reporter-output>
          </reporter-output>
        </test-method> <!-- setup -->
        <test-method signature="getArtist()[pri:1, instance:webAPI.TestAlbum@2f4948e4]" started-at="2024-12-06T04:07:22 IST" name="getArtist" description="Get Artists Data" finished-at="2024-12-06T04:07:25 IST" duration-ms="2456" status="PASS">
          <reporter-output>
          </reporter-output>
        </test-method> <!-- getArtist -->
        <test-method is-config="true" signature="logBeforeMethod(java.lang.reflect.Method)[pri:0, instance:webAPI.TestAlbum@2f4948e4]" started-at="2024-12-06T04:07:22 IST" name="logBeforeMethod" finished-at="2024-12-06T04:07:22 IST" duration-ms="0" status="PASS">
          <params>
            <param index="0">
              <value>
                <![CDATA[public void webAPI.TestAlbum.getArtist()]]>
              </value>
            </param>
          </params>
          <reporter-output>
          </reporter-output>
        </test-method> <!-- logBeforeMethod -->
        <test-method is-config="true" signature="getResult(org.testng.ITestResult)[pri:0, instance:webAPI.TestAlbum@2f4948e4]" started-at="2024-12-06T04:07:25 IST" name="getResult" finished-at="2024-12-06T04:07:25 IST" duration-ms="7" status="PASS">
          <params>
            <param index="0">
              <value>
                <![CDATA[[TestResult name=getArtist status=SUCCESS method=TestAlbum.getArtist()[pri:1, instance:webAPI.TestAlbum@2f4948e4] output={null}]]]>
              </value>
            </param>
          </params>
          <reporter-output>
          </reporter-output>
        </test-method> <!-- getResult -->
        <test-method is-config="true" signature="logBeforeMethod(java.lang.reflect.Method)[pri:0, instance:webAPI.TestAlbum@2f4948e4]" started-at="2024-12-06T04:07:25 IST" name="logBeforeMethod" finished-at="2024-12-06T04:07:25 IST" duration-ms="1" status="PASS">
          <params>
            <param index="0">
              <value>
                <![CDATA[public void webAPI.TestAlbum.getAlbum()]]>
              </value>
            </param>
          </params>
          <reporter-output>
          </reporter-output>
        </test-method> <!-- logBeforeMethod -->
        <test-method signature="getAlbum()[pri:2, instance:webAPI.TestAlbum@2f4948e4]" started-at="2024-12-06T04:07:25 IST" name="getAlbum" description="Get Album" finished-at="2024-12-06T04:07:25 IST" duration-ms="255" status="PASS">
          <reporter-output>
          </reporter-output>
        </test-method> <!-- getAlbum -->
        <test-method is-config="true" signature="getResult(org.testng.ITestResult)[pri:0, instance:webAPI.TestAlbum@2f4948e4]" started-at="2024-12-06T04:07:25 IST" name="getResult" finished-at="2024-12-06T04:07:25 IST" duration-ms="1" status="PASS">
          <params>
            <param index="0">
              <value>
                <![CDATA[[TestResult name=getAlbum status=SUCCESS method=TestAlbum.getAlbum()[pri:2, instance:webAPI.TestAlbum@2f4948e4] output={null}]]]>
              </value>
            </param>
          </params>
          <reporter-output>
          </reporter-output>
        </test-method> <!-- getResult -->
        <test-method is-config="true" signature="logBeforeMethod(java.lang.reflect.Method)[pri:0, instance:webAPI.TestAlbum@2f4948e4]" started-at="2024-12-06T04:07:25 IST" name="logBeforeMethod" finished-at="2024-12-06T04:07:25 IST" duration-ms="1" status="PASS">
          <params>
            <param index="0">
              <value>
                <![CDATA[public void webAPI.TestAlbum.getSeveralAlbums()]]>
              </value>
            </param>
          </params>
          <reporter-output>
          </reporter-output>
        </test-method> <!-- logBeforeMethod -->
        <test-method signature="getSeveralAlbums()[pri:3, instance:webAPI.TestAlbum@2f4948e4]" started-at="2024-12-06T04:07:25 IST" name="getSeveralAlbums" description="Get Several Albums" finished-at="2024-12-06T04:07:26 IST" duration-ms="283" status="PASS">
          <reporter-output>
          </reporter-output>
        </test-method> <!-- getSeveralAlbums -->
        <test-method is-config="true" signature="getResult(org.testng.ITestResult)[pri:0, instance:webAPI.TestAlbum@2f4948e4]" started-at="2024-12-06T04:07:26 IST" name="getResult" finished-at="2024-12-06T04:07:26 IST" duration-ms="1" status="PASS">
          <params>
            <param index="0">
              <value>
                <![CDATA[[TestResult name=getSeveralAlbums status=SUCCESS method=TestAlbum.getSeveralAlbums()[pri:3, instance:webAPI.TestAlbum@2f4948e4] output={null}]]]>
              </value>
            </param>
          </params>
          <reporter-output>
          </reporter-output>
        </test-method> <!-- getResult -->
        <test-method is-config="true" signature="logBeforeMethod(java.lang.reflect.Method)[pri:0, instance:webAPI.TestAlbum@2f4948e4]" started-at="2024-12-06T04:07:26 IST" name="logBeforeMethod" finished-at="2024-12-06T04:07:26 IST" duration-ms="1" status="PASS">
          <params>
            <param index="0">
              <value>
                <![CDATA[public void webAPI.TestAlbum.getAlbumTracks()]]>
              </value>
            </param>
          </params>
          <reporter-output>
          </reporter-output>
        </test-method> <!-- logBeforeMethod -->
        <test-method signature="getAlbumTracks()[pri:4, instance:webAPI.TestAlbum@2f4948e4]" started-at="2024-12-06T04:07:26 IST" name="getAlbumTracks" description="Get Album Tracks" finished-at="2024-12-06T04:07:26 IST" duration-ms="252" status="PASS">
          <reporter-output>
          </reporter-output>
        </test-method> <!-- getAlbumTracks -->
        <test-method is-config="true" signature="getResult(org.testng.ITestResult)[pri:0, instance:webAPI.TestAlbum@2f4948e4]" started-at="2024-12-06T04:07:26 IST" name="getResult" finished-at="2024-12-06T04:07:26 IST" duration-ms="0" status="PASS">
          <params>
            <param index="0">
              <value>
                <![CDATA[[TestResult name=getAlbumTracks status=SUCCESS method=TestAlbum.getAlbumTracks()[pri:4, instance:webAPI.TestAlbum@2f4948e4] output={null}]]]>
              </value>
            </param>
          </params>
          <reporter-output>
          </reporter-output>
        </test-method> <!-- getResult -->
        <test-method is-config="true" signature="logBeforeMethod(java.lang.reflect.Method)[pri:0, instance:webAPI.TestAlbum@2f4948e4]" started-at="2024-12-06T04:07:26 IST" name="logBeforeMethod" finished-at="2024-12-06T04:07:26 IST" duration-ms="1" status="PASS">
          <params>
            <param index="0">
              <value>
                <![CDATA[public void webAPI.TestAlbum.getUserSavedAlbums()]]>
              </value>
            </param>
          </params>
          <reporter-output>
          </reporter-output>
        </test-method> <!-- logBeforeMethod -->
        <test-method signature="getUserSavedAlbums()[pri:5, instance:webAPI.TestAlbum@2f4948e4]" started-at="2024-12-06T04:07:26 IST" name="getUserSavedAlbums" description="Get User&#039;s Saved Albums" finished-at="2024-12-06T04:07:26 IST" duration-ms="384" status="PASS">
          <reporter-output>
          </reporter-output>
        </test-method> <!-- getUserSavedAlbums -->
        <test-method is-config="true" signature="getResult(org.testng.ITestResult)[pri:0, instance:webAPI.TestAlbum@2f4948e4]" started-at="2024-12-06T04:07:26 IST" name="getResult" finished-at="2024-12-06T04:07:26 IST" duration-ms="1" status="PASS">
          <params>
            <param index="0">
              <value>
                <![CDATA[[TestResult name=getUserSavedAlbums status=SUCCESS method=TestAlbum.getUserSavedAlbums()[pri:5, instance:webAPI.TestAlbum@2f4948e4] output={null}]]]>
              </value>
            </param>
          </params>
          <reporter-output>
          </reporter-output>
        </test-method> <!-- getResult -->
        <test-method is-config="true" signature="logBeforeMethod(java.lang.reflect.Method)[pri:0, instance:webAPI.TestAlbum@2f4948e4]" started-at="2024-12-06T04:07:26 IST" name="logBeforeMethod" finished-at="2024-12-06T04:07:26 IST" duration-ms="1" status="PASS">
          <params>
            <param index="0">
              <value>
                <![CDATA[public void webAPI.TestAlbum.saveAlbumForUser()]]>
              </value>
            </param>
          </params>
          <reporter-output>
          </reporter-output>
        </test-method> <!-- logBeforeMethod -->
        <test-method signature="saveAlbumForUser()[pri:6, instance:webAPI.TestAlbum@2f4948e4]" started-at="2024-12-06T04:07:26 IST" name="saveAlbumForUser" description="Save Album for current user" finished-at="2024-12-06T04:07:28 IST" duration-ms="1460" status="PASS">
          <reporter-output>
          </reporter-output>
        </test-method> <!-- saveAlbumForUser -->
        <test-method is-config="true" signature="getResult(org.testng.ITestResult)[pri:0, instance:webAPI.TestAlbum@2f4948e4]" started-at="2024-12-06T04:07:28 IST" name="getResult" finished-at="2024-12-06T04:07:28 IST" duration-ms="1" status="PASS">
          <params>
            <param index="0">
              <value>
                <![CDATA[[TestResult name=saveAlbumForUser status=SUCCESS method=TestAlbum.saveAlbumForUser()[pri:6, instance:webAPI.TestAlbum@2f4948e4] output={null}]]]>
              </value>
            </param>
          </params>
          <reporter-output>
          </reporter-output>
        </test-method> <!-- getResult -->
        <test-method is-config="true" signature="logBeforeMethod(java.lang.reflect.Method)[pri:0, instance:webAPI.TestAlbum@2f4948e4]" started-at="2024-12-06T04:07:28 IST" name="logBeforeMethod" finished-at="2024-12-06T04:07:28 IST" duration-ms="0" status="PASS">
          <params>
            <param index="0">
              <value>
                <![CDATA[public void webAPI.TestAlbum.removeAlbumForUser()]]>
              </value>
            </param>
          </params>
          <reporter-output>
          </reporter-output>
        </test-method> <!-- logBeforeMethod -->
        <test-method signature="removeAlbumForUser()[pri:7, instance:webAPI.TestAlbum@2f4948e4]" started-at="2024-12-06T04:07:28 IST" name="removeAlbumForUser" description="Remove User&#039;s Saved Album" finished-at="2024-12-06T04:07:28 IST" duration-ms="589" status="PASS">
          <reporter-output>
          </reporter-output>
        </test-method> <!-- removeAlbumForUser -->
        <test-method is-config="true" signature="getResult(org.testng.ITestResult)[pri:0, instance:webAPI.TestAlbum@2f4948e4]" started-at="2024-12-06T04:07:28 IST" name="getResult" finished-at="2024-12-06T04:07:28 IST" duration-ms="1" status="PASS">
          <params>
            <param index="0">
              <value>
                <![CDATA[[TestResult name=removeAlbumForUser status=SUCCESS method=TestAlbum.removeAlbumForUser()[pri:7, instance:webAPI.TestAlbum@2f4948e4] output={null}]]]>
              </value>
            </param>
          </params>
          <reporter-output>
          </reporter-output>
        </test-method> <!-- getResult -->
        <test-method is-config="true" signature="logBeforeMethod(java.lang.reflect.Method)[pri:0, instance:webAPI.TestAlbum@2f4948e4]" started-at="2024-12-06T04:07:28 IST" name="logBeforeMethod" finished-at="2024-12-06T04:07:28 IST" duration-ms="0" status="PASS">
          <params>
            <param index="0">
              <value>
                <![CDATA[public void webAPI.TestAlbum.getNewRelease()]]>
              </value>
            </param>
          </params>
          <reporter-output>
          </reporter-output>
        </test-method> <!-- logBeforeMethod -->
        <test-method signature="getNewRelease()[pri:8, instance:webAPI.TestAlbum@2f4948e4]" started-at="2024-12-06T04:07:28 IST" name="getNewRelease" description="Get New Releases" finished-at="2024-12-06T04:07:29 IST" duration-ms="420" status="PASS">
          <reporter-output>
          </reporter-output>
        </test-method> <!-- getNewRelease -->
        <test-method is-config="true" signature="getResult(org.testng.ITestResult)[pri:0, instance:webAPI.TestAlbum@2f4948e4]" started-at="2024-12-06T04:07:29 IST" name="getResult" finished-at="2024-12-06T04:07:29 IST" duration-ms="1" status="PASS">
          <params>
            <param index="0">
              <value>
                <![CDATA[[TestResult name=getNewRelease status=SUCCESS method=TestAlbum.getNewRelease()[pri:8, instance:webAPI.TestAlbum@2f4948e4] output={null}]]]>
              </value>
            </param>
          </params>
          <reporter-output>
          </reporter-output>
        </test-method> <!-- getResult -->
        <test-method is-config="true" signature="endReport()[pri:0, instance:webAPI.TestAlbum@2f4948e4]" started-at="2024-12-06T04:07:29 IST" name="endReport" finished-at="2024-12-06T04:07:29 IST" duration-ms="513" status="PASS">
          <reporter-output>
          </reporter-output>
        </test-method> <!-- endReport -->
      </class> <!-- webAPI.TestAlbum -->
    </test> <!-- Regression -->
  </suite> <!-- SpotifyAPI : Album -->
</testng-results>
