<?xml version="1.0" encoding="UTF-8"?>
<testng-results ignored="0" total="8" passed="8" failed="0" skipped="0">
  <reporter-output>
  </reporter-output>
  <suite started-at="2024-12-07T06:04:12 IST" name="Default suite" finished-at="2024-12-07T06:04:17 IST" duration-ms="5121">
    <groups>
    </groups>
    <test started-at="2024-12-07T06:04:12 IST" name="Default test" finished-at="2024-12-07T06:04:17 IST" duration-ms="5121">
      <class name="webAPI.TestAlbum">
        <test-method is-config="true" signature="config(java.lang.String,java.lang.String)[pri:0, instance:webAPI.TestAlbum@51891008]" started-at="2024-12-07T06:04:11 IST" name="config" finished-at="2024-12-07T06:04:12 IST" duration-ms="1074" status="PASS">
          <params>
            <param index="0">
              <value>
                <![CDATA[Optional Name Spotify WebAPI]]>
              </value>
            </param>
            <param index="1">
              <value>
                <![CDATA[Regression Report]]>
              </value>
            </param>
          </params>
          <reporter-output>
          </reporter-output>
        </test-method> <!-- config -->
        <test-method is-config="true" signature="setup()[pri:0, instance:webAPI.TestAlbum@51891008]" started-at="2024-12-07T06:04:12 IST" name="setup" finished-at="2024-12-07T06:04:12 IST" duration-ms="1" status="PASS">
          <reporter-output>
          </reporter-output>
        </test-method> <!-- setup -->
        <test-method is-config="true" signature="logBeforeMethod(java.lang.reflect.Method)[pri:0, instance:webAPI.TestAlbum@51891008]" started-at="2024-12-07T06:04:12 IST" name="logBeforeMethod" finished-at="2024-12-07T06:04:12 IST" duration-ms="11" status="PASS">
          <params>
            <param index="0">
              <value>
                <![CDATA[public void webAPI.TestAlbum.getArtist()]]>
              </value>
            </param>
          </params>
          <reporter-output>
          </reporter-output>
        </test-method> <!-- logBeforeMethod -->
        <test-method signature="getArtist()[pri:1, instance:webAPI.TestAlbum@51891008]" started-at="2024-12-07T06:04:12 IST" name="getArtist" description="Get Artists Data" finished-at="2024-12-07T06:04:15 IST" duration-ms="2803" status="PASS">
          <reporter-output>
          </reporter-output>
        </test-method> <!-- getArtist -->
        <test-method is-config="true" signature="getResult(org.testng.ITestResult)[pri:0, instance:webAPI.TestAlbum@51891008]" started-at="2024-12-07T06:04:15 IST" name="getResult" finished-at="2024-12-07T06:04:15 IST" duration-ms="6" status="PASS">
          <params>
            <param index="0">
              <value>
                <![CDATA[[TestResult name=getArtist status=SUCCESS method=TestAlbum.getArtist()[pri:1, instance:webAPI.TestAlbum@51891008] output={null}]]]>
              </value>
            </param>
          </params>
          <reporter-output>
          </reporter-output>
        </test-method> <!-- getResult -->
        <test-method is-config="true" signature="logBeforeMethod(java.lang.reflect.Method)[pri:0, instance:webAPI.TestAlbum@51891008]" started-at="2024-12-07T06:04:15 IST" name="logBeforeMethod" finished-at="2024-12-07T06:04:15 IST" duration-ms="0" status="PASS">
          <params>
            <param index="0">
              <value>
                <![CDATA[public void webAPI.TestAlbum.getAlbum()]]>
              </value>
            </param>
          </params>
          <reporter-output>
          </reporter-output>
        </test-method> <!-- logBeforeMethod -->
        <test-method signature="getAlbum()[pri:2, instance:webAPI.TestAlbum@51891008]" started-at="2024-12-07T06:04:15 IST" name="getAlbum" description="Get Album" finished-at="2024-12-07T06:04:15 IST" duration-ms="261" status="PASS">
          <reporter-output>
          </reporter-output>
        </test-method> <!-- getAlbum -->
        <test-method is-config="true" signature="getResult(org.testng.ITestResult)[pri:0, instance:webAPI.TestAlbum@51891008]" started-at="2024-12-07T06:04:15 IST" name="getResult" finished-at="2024-12-07T06:04:15 IST" duration-ms="0" status="PASS">
          <params>
            <param index="0">
              <value>
                <![CDATA[[TestResult name=getAlbum status=SUCCESS method=TestAlbum.getAlbum()[pri:2, instance:webAPI.TestAlbum@51891008] output={null}]]]>
              </value>
            </param>
          </params>
          <reporter-output>
          </reporter-output>
        </test-method> <!-- getResult -->
        <test-method is-config="true" signature="logBeforeMethod(java.lang.reflect.Method)[pri:0, instance:webAPI.TestAlbum@51891008]" started-at="2024-12-07T06:04:15 IST" name="logBeforeMethod" finished-at="2024-12-07T06:04:15 IST" duration-ms="1" status="PASS">
          <params>
            <param index="0">
              <value>
                <![CDATA[public void webAPI.TestAlbum.getSeveralAlbums()]]>
              </value>
            </param>
          </params>
          <reporter-output>
          </reporter-output>
        </test-method> <!-- logBeforeMethod -->
        <test-method signature="getSeveralAlbums()[pri:3, instance:webAPI.TestAlbum@51891008]" started-at="2024-12-07T06:04:15 IST" name="getSeveralAlbums" description="Get Several Albums" finished-at="2024-12-07T06:04:16 IST" duration-ms="372" status="PASS">
          <reporter-output>
          </reporter-output>
        </test-method> <!-- getSeveralAlbums -->
        <test-method is-config="true" signature="getResult(org.testng.ITestResult)[pri:0, instance:webAPI.TestAlbum@51891008]" started-at="2024-12-07T06:04:16 IST" name="getResult" finished-at="2024-12-07T06:04:16 IST" duration-ms="1" status="PASS">
          <params>
            <param index="0">
              <value>
                <![CDATA[[TestResult name=getSeveralAlbums status=SUCCESS method=TestAlbum.getSeveralAlbums()[pri:3, instance:webAPI.TestAlbum@51891008] output={null}]]]>
              </value>
            </param>
          </params>
          <reporter-output>
          </reporter-output>
        </test-method> <!-- getResult -->
        <test-method is-config="true" signature="logBeforeMethod(java.lang.reflect.Method)[pri:0, instance:webAPI.TestAlbum@51891008]" started-at="2024-12-07T06:04:16 IST" name="logBeforeMethod" finished-at="2024-12-07T06:04:16 IST" duration-ms="3" status="PASS">
          <params>
            <param index="0">
              <value>
                <![CDATA[public void webAPI.TestAlbum.getAlbumTracks()]]>
              </value>
            </param>
          </params>
          <reporter-output>
          </reporter-output>
        </test-method> <!-- logBeforeMethod -->
        <test-method signature="getAlbumTracks()[pri:4, instance:webAPI.TestAlbum@51891008]" started-at="2024-12-07T06:04:16 IST" name="getAlbumTracks" description="Get Album Tracks" finished-at="2024-12-07T06:04:16 IST" duration-ms="242" status="PASS">
          <reporter-output>
          </reporter-output>
        </test-method> <!-- getAlbumTracks -->
        <test-method is-config="true" signature="getResult(org.testng.ITestResult)[pri:0, instance:webAPI.TestAlbum@51891008]" started-at="2024-12-07T06:04:16 IST" name="getResult" finished-at="2024-12-07T06:04:16 IST" duration-ms="1" status="PASS">
          <params>
            <param index="0">
              <value>
                <![CDATA[[TestResult name=getAlbumTracks status=SUCCESS method=TestAlbum.getAlbumTracks()[pri:4, instance:webAPI.TestAlbum@51891008] output={null}]]]>
              </value>
            </param>
          </params>
          <reporter-output>
          </reporter-output>
        </test-method> <!-- getResult -->
        <test-method is-config="true" signature="logBeforeMethod(java.lang.reflect.Method)[pri:0, instance:webAPI.TestAlbum@51891008]" started-at="2024-12-07T06:04:16 IST" name="logBeforeMethod" finished-at="2024-12-07T06:04:16 IST" duration-ms="1" status="PASS">
          <params>
            <param index="0">
              <value>
                <![CDATA[public void webAPI.TestAlbum.getUserSavedAlbums()]]>
              </value>
            </param>
          </params>
          <reporter-output>
          </reporter-output>
        </test-method> <!-- logBeforeMethod -->
        <test-method signature="getUserSavedAlbums()[pri:5, instance:webAPI.TestAlbum@51891008]" started-at="2024-12-07T06:04:16 IST" name="getUserSavedAlbums" description="Get User&#039;s Saved Albums" finished-at="2024-12-07T06:04:16 IST" duration-ms="377" status="PASS">
          <reporter-output>
          </reporter-output>
        </test-method> <!-- getUserSavedAlbums -->
        <test-method is-config="true" signature="getResult(org.testng.ITestResult)[pri:0, instance:webAPI.TestAlbum@51891008]" started-at="2024-12-07T06:04:16 IST" name="getResult" finished-at="2024-12-07T06:04:16 IST" duration-ms="1" status="PASS">
          <params>
            <param index="0">
              <value>
                <![CDATA[[TestResult name=getUserSavedAlbums status=SUCCESS method=TestAlbum.getUserSavedAlbums()[pri:5, instance:webAPI.TestAlbum@51891008] output={null}]]]>
              </value>
            </param>
          </params>
          <reporter-output>
          </reporter-output>
        </test-method> <!-- getResult -->
        <test-method is-config="true" signature="logBeforeMethod(java.lang.reflect.Method)[pri:0, instance:webAPI.TestAlbum@51891008]" started-at="2024-12-07T06:04:16 IST" name="logBeforeMethod" finished-at="2024-12-07T06:04:16 IST" duration-ms="1" status="PASS">
          <params>
            <param index="0">
              <value>
                <![CDATA[public void webAPI.TestAlbum.saveAlbumForUser()]]>
              </value>
            </param>
          </params>
          <reporter-output>
          </reporter-output>
        </test-method> <!-- logBeforeMethod -->
        <test-method signature="saveAlbumForUser()[pri:6, instance:webAPI.TestAlbum@51891008]" started-at="2024-12-07T06:04:16 IST" name="saveAlbumForUser" description="Save Album for current user" finished-at="2024-12-07T06:04:16 IST" duration-ms="204" status="PASS">
          <reporter-output>
          </reporter-output>
        </test-method> <!-- saveAlbumForUser -->
        <test-method is-config="true" signature="getResult(org.testng.ITestResult)[pri:0, instance:webAPI.TestAlbum@51891008]" started-at="2024-12-07T06:04:16 IST" name="getResult" finished-at="2024-12-07T06:04:16 IST" duration-ms="0" status="PASS">
          <params>
            <param index="0">
              <value>
                <![CDATA[[TestResult name=saveAlbumForUser status=SUCCESS method=TestAlbum.saveAlbumForUser()[pri:6, instance:webAPI.TestAlbum@51891008] output={null}]]]>
              </value>
            </param>
          </params>
          <reporter-output>
          </reporter-output>
        </test-method> <!-- getResult -->
        <test-method is-config="true" signature="logBeforeMethod(java.lang.reflect.Method)[pri:0, instance:webAPI.TestAlbum@51891008]" started-at="2024-12-07T06:04:16 IST" name="logBeforeMethod" finished-at="2024-12-07T06:04:16 IST" duration-ms="1" status="PASS">
          <params>
            <param index="0">
              <value>
                <![CDATA[public void webAPI.TestAlbum.removeAlbumForUser()]]>
              </value>
            </param>
          </params>
          <reporter-output>
          </reporter-output>
        </test-method> <!-- logBeforeMethod -->
        <test-method signature="removeAlbumForUser()[pri:7, instance:webAPI.TestAlbum@51891008]" started-at="2024-12-07T06:04:16 IST" name="removeAlbumForUser" description="Remove User&#039;s Saved Album" finished-at="2024-12-07T06:04:17 IST" duration-ms="195" status="PASS">
          <reporter-output>
          </reporter-output>
        </test-method> <!-- removeAlbumForUser -->
        <test-method is-config="true" signature="getResult(org.testng.ITestResult)[pri:0, instance:webAPI.TestAlbum@51891008]" started-at="2024-12-07T06:04:17 IST" name="getResult" finished-at="2024-12-07T06:04:17 IST" duration-ms="1" status="PASS">
          <params>
            <param index="0">
              <value>
                <![CDATA[[TestResult name=removeAlbumForUser status=SUCCESS method=TestAlbum.removeAlbumForUser()[pri:7, instance:webAPI.TestAlbum@51891008] output={null}]]]>
              </value>
            </param>
          </params>
          <reporter-output>
          </reporter-output>
        </test-method> <!-- getResult -->
        <test-method is-config="true" signature="logBeforeMethod(java.lang.reflect.Method)[pri:0, instance:webAPI.TestAlbum@51891008]" started-at="2024-12-07T06:04:17 IST" name="logBeforeMethod" finished-at="2024-12-07T06:04:17 IST" duration-ms="1" status="PASS">
          <params>
            <param index="0">
              <value>
                <![CDATA[public void webAPI.TestAlbum.getNewRelease()]]>
              </value>
            </param>
          </params>
          <reporter-output>
          </reporter-output>
        </test-method> <!-- logBeforeMethod -->
        <test-method signature="getNewRelease()[pri:8, instance:webAPI.TestAlbum@51891008]" started-at="2024-12-07T06:04:17 IST" name="getNewRelease" description="Get New Releases" finished-at="2024-12-07T06:04:17 IST" duration-ms="547" status="PASS">
          <reporter-output>
          </reporter-output>
        </test-method> <!-- getNewRelease -->
        <test-method is-config="true" signature="getResult(org.testng.ITestResult)[pri:0, instance:webAPI.TestAlbum@51891008]" started-at="2024-12-07T06:04:17 IST" name="getResult" finished-at="2024-12-07T06:04:17 IST" duration-ms="2" status="PASS">
          <params>
            <param index="0">
              <value>
                <![CDATA[[TestResult name=getNewRelease status=SUCCESS method=TestAlbum.getNewRelease()[pri:8, instance:webAPI.TestAlbum@51891008] output={null}]]]>
              </value>
            </param>
          </params>
          <reporter-output>
          </reporter-output>
        </test-method> <!-- getResult -->
        <test-method is-config="true" signature="endReport()[pri:0, instance:webAPI.TestAlbum@51891008]" started-at="2024-12-07T06:04:17 IST" name="endReport" finished-at="2024-12-07T06:04:18 IST" duration-ms="400" status="PASS">
          <reporter-output>
          </reporter-output>
        </test-method> <!-- endReport -->
      </class> <!-- webAPI.TestAlbum -->
    </test> <!-- Default test -->
  </suite> <!-- Default suite -->
</testng-results>
